[5.713s] Invoking command in '/home/adam/r2_motion/src/sensors': PYTHONPATH=/home/adam/r2_motion/build/sensors/prefix_override:/home/adam/r2_motion/install/sensors/lib/python3.10/site-packages:${PYTHONPATH} /usr/bin/python3 -W ignore:setup.py install is deprecated setup.py egg_info --egg-base ../../build/sensors build --build-base /home/adam/r2_motion/build/sensors/build install --record /home/adam/r2_motion/build/sensors/install.log --single-version-externally-managed install_data
[7.434s] running egg_info
[7.438s] writing ../../build/sensors/sensors.egg-info/PKG-INFO
[7.439s] writing dependency_links to ../../build/sensors/sensors.egg-info/dependency_links.txt
[7.441s] writing entry points to ../../build/sensors/sensors.egg-info/entry_points.txt
[7.442s] writing requirements to ../../build/sensors/sensors.egg-info/requires.txt
[7.442s] writing top-level names to ../../build/sensors/sensors.egg-info/top_level.txt
[7.452s] reading manifest file '../../build/sensors/sensors.egg-info/SOURCES.txt'
[7.457s] writing manifest file '../../build/sensors/sensors.egg-info/SOURCES.txt'
[7.458s] running build
[7.459s] running build_py
[7.461s] copying sensors/sensors.py -> /home/adam/r2_motion/build/sensors/build/lib/sensors
[7.463s] running install
[7.465s] running install_lib
[7.467s] copying /home/adam/r2_motion/build/sensors/build/lib/sensors/sensors.py -> /home/adam/r2_motion/install/sensors/lib/python3.10/site-packages/sensors
[7.471s] byte-compiling /home/adam/r2_motion/install/sensors/lib/python3.10/site-packages/sensors/sensors.py to sensors.cpython-310.pyc
[7.476s] running install_data
[7.477s] running install_egg_info
[7.487s] removing '/home/adam/r2_motion/install/sensors/lib/python3.10/site-packages/sensors-0.0.0-py3.10.egg-info' (and everything under it)
[7.489s] Copying ../../build/sensors/sensors.egg-info to /home/adam/r2_motion/install/sensors/lib/python3.10/site-packages/sensors-0.0.0-py3.10.egg-info
[7.496s] running install_scripts
[7.600s] Installing sensors script to /home/adam/r2_motion/install/sensors/lib/sensors
[7.602s] writing list of installed files to '/home/adam/r2_motion/build/sensors/install.log'
[7.786s] Invoked command in '/home/adam/r2_motion/src/sensors' returned '0': PYTHONPATH=/home/adam/r2_motion/build/sensors/prefix_override:/home/adam/r2_motion/install/sensors/lib/python3.10/site-packages:${PYTHONPATH} /usr/bin/python3 -W ignore:setup.py install is deprecated setup.py egg_info --egg-base ../../build/sensors build --build-base /home/adam/r2_motion/build/sensors/build install --record /home/adam/r2_motion/build/sensors/install.log --single-version-externally-managed install_data
