running egg_info
writing ../../build/drivetrain/drivetrain.egg-info/PKG-INFO
writing dependency_links to ../../build/drivetrain/drivetrain.egg-info/dependency_links.txt
writing entry points to ../../build/drivetrain/drivetrain.egg-info/entry_points.txt
writing requirements to ../../build/drivetrain/drivetrain.egg-info/requires.txt
writing top-level names to ../../build/drivetrain/drivetrain.egg-info/top_level.txt
reading manifest file '../../build/drivetrain/drivetrain.egg-info/SOURCES.txt'
adding license file 'LICENSE'
writing manifest file '../../build/drivetrain/drivetrain.egg-info/SOURCES.txt'
running build
running build_py
copying drivetrain/hello.py -> /home/adam/r2_motion/build/drivetrain/build/lib/drivetrain
running install
running install_lib
copying /home/adam/r2_motion/build/drivetrain/build/lib/drivetrain/hello.py -> /home/adam/r2_motion/install/drivetrain/lib/python3.10/site-packages/drivetrain
byte-compiling /home/adam/r2_motion/install/drivetrain/lib/python3.10/site-packages/drivetrain/hello.py to hello.cpython-310.pyc
running install_data
running install_egg_info
removing '/home/adam/r2_motion/install/drivetrain/lib/python3.10/site-packages/drivetrain-0.0.0-py3.10.egg-info' (and everything under it)
Copying ../../build/drivetrain/drivetrain.egg-info to /home/adam/r2_motion/install/drivetrain/lib/python3.10/site-packages/drivetrain-0.0.0-py3.10.egg-info
running install_scripts
Installing hello script to /home/adam/r2_motion/install/drivetrain/lib/drivetrain
writing list of installed files to '/home/adam/r2_motion/build/drivetrain/install.log'
