[6.582s] Invoking command in '/home/adam/r2_motion/src/drivetrain': PYTHONPATH=/home/adam/r2_motion/build/drivetrain/prefix_override:/home/adam/r2_motion/install/drivetrain/lib/python3.10/site-packages:${PYTHONPATH} /usr/bin/python3 -W ignore:setup.py install is deprecated setup.py egg_info --egg-base ../../build/drivetrain build --build-base /home/adam/r2_motion/build/drivetrain/build install --record /home/adam/r2_motion/build/drivetrain/install.log --single-version-externally-managed install_data
[8.326s] running egg_info
[8.329s] writing ../../build/drivetrain/drivetrain.egg-info/PKG-INFO
[8.334s] writing dependency_links to ../../build/drivetrain/drivetrain.egg-info/dependency_links.txt
[8.337s] writing entry points to ../../build/drivetrain/drivetrain.egg-info/entry_points.txt
[8.338s] writing requirements to ../../build/drivetrain/drivetrain.egg-info/requires.txt
[8.341s] writing top-level names to ../../build/drivetrain/drivetrain.egg-info/top_level.txt
[8.350s] reading manifest file '../../build/drivetrain/drivetrain.egg-info/SOURCES.txt'
[8.352s] adding license file 'LICENSE'
[8.356s] writing manifest file '../../build/drivetrain/drivetrain.egg-info/SOURCES.txt'
[8.357s] running build
[8.358s] running build_py
[8.362s] running install
[8.363s] running install_lib
[8.380s] running install_data
[8.383s] running install_egg_info
[8.394s] removing '/home/adam/r2_motion/install/drivetrain/lib/python3.10/site-packages/drivetrain-0.0.0-py3.10.egg-info' (and everything under it)
[8.397s] Copying ../../build/drivetrain/drivetrain.egg-info to /home/adam/r2_motion/install/drivetrain/lib/python3.10/site-packages/drivetrain-0.0.0-py3.10.egg-info
[8.410s] running install_scripts
[8.515s] Installing motor script to /home/adam/r2_motion/install/drivetrain/lib/drivetrain
[8.523s] writing list of installed files to '/home/adam/r2_motion/build/drivetrain/install.log'
[8.717s] Invoked command in '/home/adam/r2_motion/src/drivetrain' returned '0': PYTHONPATH=/home/adam/r2_motion/build/drivetrain/prefix_override:/home/adam/r2_motion/install/drivetrain/lib/python3.10/site-packages:${PYTHONPATH} /usr/bin/python3 -W ignore:setup.py install is deprecated setup.py egg_info --egg-base ../../build/drivetrain build --build-base /home/adam/r2_motion/build/drivetrain/build install --record /home/adam/r2_motion/build/drivetrain/install.log --single-version-externally-managed install_data
