[12.954s] Invoking command in '/home/adam/r2_motion/src/sensors': PYTHONPATH=/home/adam/r2_motion/build/sensors/prefix_override:/home/adam/r2_motion/install/sensors/lib/python3.10/site-packages:${PYTHONPATH} /usr/bin/python3 -W ignore:setup.py install is deprecated setup.py egg_info --egg-base ../../build/sensors build --build-base /home/adam/r2_motion/build/sensors/build install --record /home/adam/r2_motion/build/sensors/install.log --single-version-externally-managed install_data
[16.949s] running egg_info
[16.956s] writing ../../build/sensors/sensors.egg-info/PKG-INFO
[16.974s] writing dependency_links to ../../build/sensors/sensors.egg-info/dependency_links.txt
[16.987s] writing entry points to ../../build/sensors/sensors.egg-info/entry_points.txt
[16.998s] writing requirements to ../../build/sensors/sensors.egg-info/requires.txt
[16.998s] writing top-level names to ../../build/sensors/sensors.egg-info/top_level.txt
[17.013s] reading manifest file '../../build/sensors/sensors.egg-info/SOURCES.txt'
[17.017s] writing manifest file '../../build/sensors/sensors.egg-info/SOURCES.txt'
[17.018s] running build
[17.020s] running build_py
[17.021s] copying sensors/sensors.py -> /home/adam/r2_motion/build/sensors/build/lib/sensors
[17.022s] running install
[17.024s] running install_lib
[17.026s] copying /home/adam/r2_motion/build/sensors/build/lib/sensors/sensors.py -> /home/adam/r2_motion/install/sensors/lib/python3.10/site-packages/sensors
[17.036s] byte-compiling /home/adam/r2_motion/install/sensors/lib/python3.10/site-packages/sensors/sensors.py to sensors.cpython-310.pyc
[17.052s] running install_data
[17.059s] running install_egg_info
[17.075s] removing '/home/adam/r2_motion/install/sensors/lib/python3.10/site-packages/sensors-0.0.0-py3.10.egg-info' (and everything under it)
[17.091s] Copying ../../build/sensors/sensors.egg-info to /home/adam/r2_motion/install/sensors/lib/python3.10/site-packages/sensors-0.0.0-py3.10.egg-info
[17.105s] running install_scripts
[17.350s] Installing sensors script to /home/adam/r2_motion/install/sensors/lib/sensors
[17.364s] writing list of installed files to '/home/adam/r2_motion/build/sensors/install.log'
[17.859s] Invoked command in '/home/adam/r2_motion/src/sensors' returned '0': PYTHONPATH=/home/adam/r2_motion/build/sensors/prefix_override:/home/adam/r2_motion/install/sensors/lib/python3.10/site-packages:${PYTHONPATH} /usr/bin/python3 -W ignore:setup.py install is deprecated setup.py egg_info --egg-base ../../build/sensors build --build-base /home/adam/r2_motion/build/sensors/build install --record /home/adam/r2_motion/build/sensors/install.log --single-version-externally-managed install_data
