[7.148s] Invoking command in '/home/adam/r2_motion/src/drivetrain': PYTHONPATH=/home/adam/r2_motion/build/drivetrain/prefix_override:/home/adam/r2_motion/install/drivetrain/lib/python3.10/site-packages:${PYTHONPATH} /usr/bin/python3 -W ignore:setup.py install is deprecated setup.py egg_info --egg-base ../../build/drivetrain build --build-base /home/adam/r2_motion/build/drivetrain/build install --record /home/adam/r2_motion/build/drivetrain/install.log --single-version-externally-managed install_data
[9.283s] running egg_info
[9.284s] writing ../../build/drivetrain/drivetrain.egg-info/PKG-INFO
[9.286s] writing dependency_links to ../../build/drivetrain/drivetrain.egg-info/dependency_links.txt
[9.287s] writing entry points to ../../build/drivetrain/drivetrain.egg-info/entry_points.txt
[9.289s] writing requirements to ../../build/drivetrain/drivetrain.egg-info/requires.txt
[9.291s] writing top-level names to ../../build/drivetrain/drivetrain.egg-info/top_level.txt
[9.305s] reading manifest file '../../build/drivetrain/drivetrain.egg-info/SOURCES.txt'
[9.308s] adding license file 'LICENSE'
[9.314s] writing manifest file '../../build/drivetrain/drivetrain.egg-info/SOURCES.txt'
[9.315s] running build
[9.317s] running build_py
[9.321s] running install
[9.325s] running install_lib
[9.335s] running install_data
[9.336s] running install_egg_info
[9.351s] removing '/home/adam/r2_motion/install/drivetrain/lib/python3.10/site-packages/drivetrain-0.0.0-py3.10.egg-info' (and everything under it)
[9.355s] Copying ../../build/drivetrain/drivetrain.egg-info to /home/adam/r2_motion/install/drivetrain/lib/python3.10/site-packages/drivetrain-0.0.0-py3.10.egg-info
[9.367s] running install_scripts
[9.518s] Installing motor script to /home/adam/r2_motion/install/drivetrain/lib/drivetrain
[9.520s] writing list of installed files to '/home/adam/r2_motion/build/drivetrain/install.log'
[9.683s] Invoked command in '/home/adam/r2_motion/src/drivetrain' returned '0': PYTHONPATH=/home/adam/r2_motion/build/drivetrain/prefix_override:/home/adam/r2_motion/install/drivetrain/lib/python3.10/site-packages:${PYTHONPATH} /usr/bin/python3 -W ignore:setup.py install is deprecated setup.py egg_info --egg-base ../../build/drivetrain build --build-base /home/adam/r2_motion/build/drivetrain/build install --record /home/adam/r2_motion/build/drivetrain/install.log --single-version-externally-managed install_data
