[5.744s] Invoking command in '/home/adam/r2_motion/src/sensors': PYTHONPATH=/home/adam/r2_motion/build/sensors/prefix_override:/home/adam/r2_motion/install/sensors/lib/python3.10/site-packages:${PYTHONPATH} /usr/bin/python3 -W ignore:setup.py install is deprecated setup.py egg_info --egg-base ../../build/sensors build --build-base /home/adam/r2_motion/build/sensors/build install --record /home/adam/r2_motion/build/sensors/install.log --single-version-externally-managed install_data
[7.485s] running egg_info
[7.488s] writing ../../build/sensors/sensors.egg-info/PKG-INFO
[7.489s] writing dependency_links to ../../build/sensors/sensors.egg-info/dependency_links.txt
[7.490s] writing entry points to ../../build/sensors/sensors.egg-info/entry_points.txt
[7.491s] writing requirements to ../../build/sensors/sensors.egg-info/requires.txt
[7.492s] writing top-level names to ../../build/sensors/sensors.egg-info/top_level.txt
[7.502s] reading manifest file '../../build/sensors/sensors.egg-info/SOURCES.txt'
[7.506s] writing manifest file '../../build/sensors/sensors.egg-info/SOURCES.txt'
[7.507s] running build
[7.508s] running build_py
[7.509s] copying sensors/sensors.py -> /home/adam/r2_motion/build/sensors/build/lib/sensors
[7.510s] running install
[7.512s] running install_lib
[7.516s] copying /home/adam/r2_motion/build/sensors/build/lib/sensors/sensors.py -> /home/adam/r2_motion/install/sensors/lib/python3.10/site-packages/sensors
[7.521s] byte-compiling /home/adam/r2_motion/install/sensors/lib/python3.10/site-packages/sensors/sensors.py to sensors.cpython-310.pyc
[7.527s] running install_data
[7.527s] running install_egg_info
[7.537s] removing '/home/adam/r2_motion/install/sensors/lib/python3.10/site-packages/sensors-0.0.0-py3.10.egg-info' (and everything under it)
[7.539s] Copying ../../build/sensors/sensors.egg-info to /home/adam/r2_motion/install/sensors/lib/python3.10/site-packages/sensors-0.0.0-py3.10.egg-info
[7.546s] running install_scripts
[7.652s] Installing sensors script to /home/adam/r2_motion/install/sensors/lib/sensors
[7.654s] writing list of installed files to '/home/adam/r2_motion/build/sensors/install.log'
[7.834s] Invoked command in '/home/adam/r2_motion/src/sensors' returned '0': PYTHONPATH=/home/adam/r2_motion/build/sensors/prefix_override:/home/adam/r2_motion/install/sensors/lib/python3.10/site-packages:${PYTHONPATH} /usr/bin/python3 -W ignore:setup.py install is deprecated setup.py egg_info --egg-base ../../build/sensors build --build-base /home/adam/r2_motion/build/sensors/build install --record /home/adam/r2_motion/build/sensors/install.log --single-version-externally-managed install_data
