[3.742s] Invoking command in '/home/adam/r2_motion/src/bno055': PYTHONPATH=/home/adam/r2_motion/build/bno055/prefix_override:/home/adam/r2_motion/install/bno055/lib/python3.10/site-packages:${PYTHONPATH} /usr/bin/python3 -W ignore:setup.py install is deprecated setup.py egg_info --egg-base ../../build/bno055 build --build-base /home/adam/r2_motion/build/bno055/build install --record /home/adam/r2_motion/build/bno055/install.log --single-version-externally-managed install_data
[5.293s] running egg_info
[5.296s] writing ../../build/bno055/bno055.egg-info/PKG-INFO
[5.297s] writing dependency_links to ../../build/bno055/bno055.egg-info/dependency_links.txt
[5.298s] writing entry points to ../../build/bno055/bno055.egg-info/entry_points.txt
[5.299s] writing requirements to ../../build/bno055/bno055.egg-info/requires.txt
[5.300s] writing top-level names to ../../build/bno055/bno055.egg-info/top_level.txt
[5.311s] reading manifest file '../../build/bno055/bno055.egg-info/SOURCES.txt'
[5.313s] adding license file 'LICENSE'
[5.313s] adding license file 'AUTHORS'
[5.316s] writing manifest file '../../build/bno055/bno055.egg-info/SOURCES.txt'
[5.317s] running build
[5.318s] running build_py
[5.326s] running install
[5.327s] running install_lib
[5.340s] running install_data
[5.341s] copying bno055/params/bno055_params.yaml -> /home/adam/r2_motion/install/bno055/share/bno055/config
[5.342s] running install_egg_info
[5.351s] removing '/home/adam/r2_motion/install/bno055/lib/python3.10/site-packages/bno055-0.5.0-py3.10.egg-info' (and everything under it)
[5.353s] Copying ../../build/bno055/bno055.egg-info to /home/adam/r2_motion/install/bno055/lib/python3.10/site-packages/bno055-0.5.0-py3.10.egg-info
[5.358s] running install_scripts
[5.453s] Installing bno055 script to /home/adam/r2_motion/install/bno055/lib/bno055
[5.457s] writing list of installed files to '/home/adam/r2_motion/build/bno055/install.log'
[5.581s] Invoked command in '/home/adam/r2_motion/src/bno055' returned '0': PYTHONPATH=/home/adam/r2_motion/build/bno055/prefix_override:/home/adam/r2_motion/install/bno055/lib/python3.10/site-packages:${PYTHONPATH} /usr/bin/python3 -W ignore:setup.py install is deprecated setup.py egg_info --egg-base ../../build/bno055 build --build-base /home/adam/r2_motion/build/bno055/build install --record /home/adam/r2_motion/build/bno055/install.log --single-version-externally-managed install_data
