[6.971s] Invoking command in '/home/adam/r2_motion/src/sensors': PYTHONPATH=/home/adam/r2_motion/build/sensors/prefix_override:/home/adam/r2_motion/install/sensors/lib/python3.10/site-packages:${PYTHONPATH} /usr/bin/python3 -W ignore:setup.py install is deprecated setup.py egg_info --egg-base ../../build/sensors build --build-base /home/adam/r2_motion/build/sensors/build install --record /home/adam/r2_motion/build/sensors/install.log --single-version-externally-managed install_data
[9.090s] running egg_info
[9.094s] writing ../../build/sensors/sensors.egg-info/PKG-INFO
[9.095s] writing dependency_links to ../../build/sensors/sensors.egg-info/dependency_links.txt
[9.096s] writing entry points to ../../build/sensors/sensors.egg-info/entry_points.txt
[9.097s] writing requirements to ../../build/sensors/sensors.egg-info/requires.txt
[9.098s] writing top-level names to ../../build/sensors/sensors.egg-info/top_level.txt
[9.108s] reading manifest file '../../build/sensors/sensors.egg-info/SOURCES.txt'
[9.113s] writing manifest file '../../build/sensors/sensors.egg-info/SOURCES.txt'
[9.115s] running build
[9.116s] running build_py
[9.118s] copying sensors/sensors.py -> /home/adam/r2_motion/build/sensors/build/lib/sensors
[9.119s] running install
[9.120s] running install_lib
[9.125s] copying /home/adam/r2_motion/build/sensors/build/lib/sensors/sensors.py -> /home/adam/r2_motion/install/sensors/lib/python3.10/site-packages/sensors
[9.129s] byte-compiling /home/adam/r2_motion/install/sensors/lib/python3.10/site-packages/sensors/sensors.py to sensors.cpython-310.pyc
[9.136s] running install_data
[9.137s] running install_egg_info
[9.147s] removing '/home/adam/r2_motion/install/sensors/lib/python3.10/site-packages/sensors-0.0.0-py3.10.egg-info' (and everything under it)
[9.149s] Copying ../../build/sensors/sensors.egg-info to /home/adam/r2_motion/install/sensors/lib/python3.10/site-packages/sensors-0.0.0-py3.10.egg-info
[9.156s] running install_scripts
[9.280s] Installing sensors script to /home/adam/r2_motion/install/sensors/lib/sensors
[9.282s] writing list of installed files to '/home/adam/r2_motion/build/sensors/install.log'
[9.444s] Invoked command in '/home/adam/r2_motion/src/sensors' returned '0': PYTHONPATH=/home/adam/r2_motion/build/sensors/prefix_override:/home/adam/r2_motion/install/sensors/lib/python3.10/site-packages:${PYTHONPATH} /usr/bin/python3 -W ignore:setup.py install is deprecated setup.py egg_info --egg-base ../../build/sensors build --build-base /home/adam/r2_motion/build/sensors/build install --record /home/adam/r2_motion/build/sensors/install.log --single-version-externally-managed install_data
