[5.828s] Invoking command in '/home/adam/r2_motion/src/drivetrain': PYTHONPATH=/home/adam/r2_motion/build/drivetrain/prefix_override:/home/adam/r2_motion/install/drivetrain/lib/python3.10/site-packages:${PYTHONPATH} /usr/bin/python3 -W ignore:setup.py install is deprecated setup.py egg_info --egg-base ../../build/drivetrain build --build-base /home/adam/r2_motion/build/drivetrain/build install --record /home/adam/r2_motion/build/drivetrain/install.log --single-version-externally-managed install_data
[7.547s] running egg_info
[7.550s] writing ../../build/drivetrain/drivetrain.egg-info/PKG-INFO
[7.551s] writing dependency_links to ../../build/drivetrain/drivetrain.egg-info/dependency_links.txt
[7.552s] writing entry points to ../../build/drivetrain/drivetrain.egg-info/entry_points.txt
[7.553s] writing requirements to ../../build/drivetrain/drivetrain.egg-info/requires.txt
[7.554s] writing top-level names to ../../build/drivetrain/drivetrain.egg-info/top_level.txt
[7.564s] reading manifest file '../../build/drivetrain/drivetrain.egg-info/SOURCES.txt'
[7.566s] adding license file 'LICENSE'
[7.569s] writing manifest file '../../build/drivetrain/drivetrain.egg-info/SOURCES.txt'
[7.570s] running build
[7.571s] running build_py
[7.572s] running install
[7.574s] running install_lib
[7.583s] running install_data
[7.584s] running install_egg_info
[7.593s] removing '/home/adam/r2_motion/install/drivetrain/lib/python3.10/site-packages/drivetrain-0.0.0-py3.10.egg-info' (and everything under it)
[7.595s] Copying ../../build/drivetrain/drivetrain.egg-info to /home/adam/r2_motion/install/drivetrain/lib/python3.10/site-packages/drivetrain-0.0.0-py3.10.egg-info
[7.603s] running install_scripts
[7.713s] Installing motor script to /home/adam/r2_motion/install/drivetrain/lib/drivetrain
[7.716s] writing list of installed files to '/home/adam/r2_motion/build/drivetrain/install.log'
[7.952s] Invoked command in '/home/adam/r2_motion/src/drivetrain' returned '0': PYTHONPATH=/home/adam/r2_motion/build/drivetrain/prefix_override:/home/adam/r2_motion/install/drivetrain/lib/python3.10/site-packages:${PYTHONPATH} /usr/bin/python3 -W ignore:setup.py install is deprecated setup.py egg_info --egg-base ../../build/drivetrain build --build-base /home/adam/r2_motion/build/drivetrain/build install --record /home/adam/r2_motion/build/drivetrain/install.log --single-version-externally-managed install_data
