[4.334s] Invoking command in '/home/adam/r2_motion/src/drivetrain': PYTHONPATH=/home/adam/r2_motion/build/drivetrain/prefix_override:/home/adam/r2_motion/install/drivetrain/lib/python3.10/site-packages:${PYTHONPATH} /usr/bin/python3 -W ignore:setup.py install is deprecated setup.py egg_info --egg-base ../../build/drivetrain build --build-base /home/adam/r2_motion/build/drivetrain/build install --record /home/adam/r2_motion/build/drivetrain/install.log --single-version-externally-managed install_data
[5.868s] running egg_info
[5.871s] writing ../../build/drivetrain/drivetrain.egg-info/PKG-INFO
[5.878s] writing dependency_links to ../../build/drivetrain/drivetrain.egg-info/dependency_links.txt
[5.880s] writing entry points to ../../build/drivetrain/drivetrain.egg-info/entry_points.txt
[5.880s] writing requirements to ../../build/drivetrain/drivetrain.egg-info/requires.txt
[5.881s] writing top-level names to ../../build/drivetrain/drivetrain.egg-info/top_level.txt
[5.892s] reading manifest file '../../build/drivetrain/drivetrain.egg-info/SOURCES.txt'
[5.901s] adding license file 'LICENSE'
[5.904s] writing manifest file '../../build/drivetrain/drivetrain.egg-info/SOURCES.txt'
[5.905s] running build
[5.906s] running build_py
[5.908s] copying drivetrain/motordrive.py -> /home/adam/r2_motion/build/drivetrain/build/lib/drivetrain
[5.909s] copying drivetrain/motor_test.py -> /home/adam/r2_motion/build/drivetrain/build/lib/drivetrain
[5.912s] running install
[5.913s] running install_lib
[5.919s] copying /home/adam/r2_motion/build/drivetrain/build/lib/drivetrain/motordrive.py -> /home/adam/r2_motion/install/drivetrain/lib/python3.10/site-packages/drivetrain
[5.919s] copying /home/adam/r2_motion/build/drivetrain/build/lib/drivetrain/motor_test.py -> /home/adam/r2_motion/install/drivetrain/lib/python3.10/site-packages/drivetrain
[5.924s] byte-compiling /home/adam/r2_motion/install/drivetrain/lib/python3.10/site-packages/drivetrain/motordrive.py to motordrive.cpython-310.pyc
[5.928s] byte-compiling /home/adam/r2_motion/install/drivetrain/lib/python3.10/site-packages/drivetrain/motor_test.py to motor_test.cpython-310.pyc
[5.931s] running install_data
[5.933s] running install_egg_info
[5.941s] removing '/home/adam/r2_motion/install/drivetrain/lib/python3.10/site-packages/drivetrain-0.0.0-py3.10.egg-info' (and everything under it)
[5.943s] Copying ../../build/drivetrain/drivetrain.egg-info to /home/adam/r2_motion/install/drivetrain/lib/python3.10/site-packages/drivetrain-0.0.0-py3.10.egg-info
[5.956s] running install_scripts
[6.054s] Installing motor script to /home/adam/r2_motion/install/drivetrain/lib/drivetrain
[6.062s] writing list of installed files to '/home/adam/r2_motion/build/drivetrain/install.log'
[6.193s] Invoked command in '/home/adam/r2_motion/src/drivetrain' returned '0': PYTHONPATH=/home/adam/r2_motion/build/drivetrain/prefix_override:/home/adam/r2_motion/install/drivetrain/lib/python3.10/site-packages:${PYTHONPATH} /usr/bin/python3 -W ignore:setup.py install is deprecated setup.py egg_info --egg-base ../../build/drivetrain build --build-base /home/adam/r2_motion/build/drivetrain/build install --record /home/adam/r2_motion/build/drivetrain/install.log --single-version-externally-managed install_data
