[5.832s] Invoking command in '/home/adam/r2_motion/src/drivetrain': PYTHONPATH=/home/adam/r2_motion/build/drivetrain/prefix_override:/home/adam/r2_motion/install/drivetrain/lib/python3.10/site-packages:${PYTHONPATH} /usr/bin/python3 -W ignore:setup.py install is deprecated setup.py egg_info --egg-base ../../build/drivetrain build --build-base /home/adam/r2_motion/build/drivetrain/build install --record /home/adam/r2_motion/build/drivetrain/install.log --single-version-externally-managed install_data
[7.545s] running egg_info
[7.546s] writing ../../build/drivetrain/drivetrain.egg-info/PKG-INFO
[7.546s] writing dependency_links to ../../build/drivetrain/drivetrain.egg-info/dependency_links.txt
[7.547s] writing entry points to ../../build/drivetrain/drivetrain.egg-info/entry_points.txt
[7.549s] writing requirements to ../../build/drivetrain/drivetrain.egg-info/requires.txt
[7.549s] writing top-level names to ../../build/drivetrain/drivetrain.egg-info/top_level.txt
[7.557s] reading manifest file '../../build/drivetrain/drivetrain.egg-info/SOURCES.txt'
[7.559s] adding license file 'LICENSE'
[7.562s] writing manifest file '../../build/drivetrain/drivetrain.egg-info/SOURCES.txt'
[7.563s] running build
[7.563s] running build_py
[7.565s] running install
[7.567s] running install_lib
[7.576s] running install_data
[7.577s] running install_egg_info
[7.586s] removing '/home/adam/r2_motion/install/drivetrain/lib/python3.10/site-packages/drivetrain-0.0.0-py3.10.egg-info' (and everything under it)
[7.588s] Copying ../../build/drivetrain/drivetrain.egg-info to /home/adam/r2_motion/install/drivetrain/lib/python3.10/site-packages/drivetrain-0.0.0-py3.10.egg-info
[7.596s] running install_scripts
[7.704s] Installing motor script to /home/adam/r2_motion/install/drivetrain/lib/drivetrain
[7.707s] writing list of installed files to '/home/adam/r2_motion/build/drivetrain/install.log'
[7.926s] Invoked command in '/home/adam/r2_motion/src/drivetrain' returned '0': PYTHONPATH=/home/adam/r2_motion/build/drivetrain/prefix_override:/home/adam/r2_motion/install/drivetrain/lib/python3.10/site-packages:${PYTHONPATH} /usr/bin/python3 -W ignore:setup.py install is deprecated setup.py egg_info --egg-base ../../build/drivetrain build --build-base /home/adam/r2_motion/build/drivetrain/build install --record /home/adam/r2_motion/build/drivetrain/install.log --single-version-externally-managed install_data
