[6.371s] Invoking command in '/home/adam/r2_motion/src/sensors': PYTHONPATH=/home/adam/r2_motion/build/sensors/prefix_override:/home/adam/r2_motion/install/sensors/lib/python3.10/site-packages:${PYTHONPATH} /usr/bin/python3 -W ignore:setup.py install is deprecated setup.py egg_info --egg-base ../../build/sensors build --build-base /home/adam/r2_motion/build/sensors/build install --record /home/adam/r2_motion/build/sensors/install.log --single-version-externally-managed install_data
[8.069s] running egg_info
[8.071s] creating ../../build/sensors/sensors.egg-info
[8.072s] writing ../../build/sensors/sensors.egg-info/PKG-INFO
[8.073s] writing dependency_links to ../../build/sensors/sensors.egg-info/dependency_links.txt
[8.074s] writing entry points to ../../build/sensors/sensors.egg-info/entry_points.txt
[8.075s] writing requirements to ../../build/sensors/sensors.egg-info/requires.txt
[8.076s] writing top-level names to ../../build/sensors/sensors.egg-info/top_level.txt
[8.077s] writing manifest file '../../build/sensors/sensors.egg-info/SOURCES.txt'
[8.086s] reading manifest file '../../build/sensors/sensors.egg-info/SOURCES.txt'
[8.089s] writing manifest file '../../build/sensors/sensors.egg-info/SOURCES.txt'
[8.090s] running build
[8.091s] running build_py
[8.091s] creating /home/adam/r2_motion/build/sensors/build
[8.092s] creating /home/adam/r2_motion/build/sensors/build/lib
[8.093s] creating /home/adam/r2_motion/build/sensors/build/lib/sensors
[8.093s] copying sensors/sensors.py -> /home/adam/r2_motion/build/sensors/build/lib/sensors
[8.094s] copying sensors/__init__.py -> /home/adam/r2_motion/build/sensors/build/lib/sensors
[8.095s] running install
[8.096s] running install_lib
[8.101s] creating /home/adam/r2_motion/install/sensors/lib/python3.10/site-packages/sensors
[8.102s] copying /home/adam/r2_motion/build/sensors/build/lib/sensors/sensors.py -> /home/adam/r2_motion/install/sensors/lib/python3.10/site-packages/sensors
[8.103s] copying /home/adam/r2_motion/build/sensors/build/lib/sensors/__init__.py -> /home/adam/r2_motion/install/sensors/lib/python3.10/site-packages/sensors
[8.105s] byte-compiling /home/adam/r2_motion/install/sensors/lib/python3.10/site-packages/sensors/sensors.py to sensors.cpython-310.pyc
[8.107s] byte-compiling /home/adam/r2_motion/install/sensors/lib/python3.10/site-packages/sensors/__init__.py to __init__.cpython-310.pyc
[8.109s] running install_data
[8.109s] creating /home/adam/r2_motion/install/sensors/share/ament_index
[8.110s] creating /home/adam/r2_motion/install/sensors/share/ament_index/resource_index
[8.111s] creating /home/adam/r2_motion/install/sensors/share/ament_index/resource_index/packages
[8.111s] copying resource/sensors -> /home/adam/r2_motion/install/sensors/share/ament_index/resource_index/packages
[8.112s] copying package.xml -> /home/adam/r2_motion/install/sensors/share/sensors
[8.112s] running install_egg_info
[8.122s] Copying ../../build/sensors/sensors.egg-info to /home/adam/r2_motion/install/sensors/lib/python3.10/site-packages/sensors-0.0.0-py3.10.egg-info
[8.129s] running install_scripts
[8.232s] Installing sensors script to /home/adam/r2_motion/install/sensors/lib/sensors
[8.234s] writing list of installed files to '/home/adam/r2_motion/build/sensors/install.log'
[8.399s] Invoked command in '/home/adam/r2_motion/src/sensors' returned '0': PYTHONPATH=/home/adam/r2_motion/build/sensors/prefix_override:/home/adam/r2_motion/install/sensors/lib/python3.10/site-packages:${PYTHONPATH} /usr/bin/python3 -W ignore:setup.py install is deprecated setup.py egg_info --egg-base ../../build/sensors build --build-base /home/adam/r2_motion/build/sensors/build install --record /home/adam/r2_motion/build/sensors/install.log --single-version-externally-managed install_data
