[12.688s] Invoking command in '/home/adam/r2_motion/src/sensors': PYTHONPATH=/home/adam/r2_motion/build/sensors/prefix_override:/home/adam/r2_motion/install/sensors/lib/python3.10/site-packages:${PYTHONPATH} /usr/bin/python3 -W ignore:setup.py install is deprecated setup.py egg_info --egg-base ../../build/sensors build --build-base /home/adam/r2_motion/build/sensors/build install --record /home/adam/r2_motion/build/sensors/install.log --single-version-externally-managed install_data
[17.066s] running egg_info
[17.073s] writing ../../build/sensors/sensors.egg-info/PKG-INFO
[17.076s] writing dependency_links to ../../build/sensors/sensors.egg-info/dependency_links.txt
[17.083s] writing entry points to ../../build/sensors/sensors.egg-info/entry_points.txt
[17.085s] writing requirements to ../../build/sensors/sensors.egg-info/requires.txt
[17.089s] writing top-level names to ../../build/sensors/sensors.egg-info/top_level.txt
[17.119s] reading manifest file '../../build/sensors/sensors.egg-info/SOURCES.txt'
[17.129s] writing manifest file '../../build/sensors/sensors.egg-info/SOURCES.txt'
[17.131s] running build
[17.133s] running build_py
[17.134s] copying sensors/sensors.py -> /home/adam/r2_motion/build/sensors/build/lib/sensors
[17.140s] running install
[17.143s] running install_lib
[17.158s] copying /home/adam/r2_motion/build/sensors/build/lib/sensors/sensors.py -> /home/adam/r2_motion/install/sensors/lib/python3.10/site-packages/sensors
[17.164s] byte-compiling /home/adam/r2_motion/install/sensors/lib/python3.10/site-packages/sensors/sensors.py to sensors.cpython-310.pyc
[17.180s] running install_data
[17.183s] running install_egg_info
[17.211s] removing '/home/adam/r2_motion/install/sensors/lib/python3.10/site-packages/sensors-0.0.0-py3.10.egg-info' (and everything under it)
[17.215s] Copying ../../build/sensors/sensors.egg-info to /home/adam/r2_motion/install/sensors/lib/python3.10/site-packages/sensors-0.0.0-py3.10.egg-info
[17.233s] running install_scripts
[17.477s] Installing sensors script to /home/adam/r2_motion/install/sensors/lib/sensors
[17.483s] writing list of installed files to '/home/adam/r2_motion/build/sensors/install.log'
[17.954s] Invoked command in '/home/adam/r2_motion/src/sensors' returned '0': PYTHONPATH=/home/adam/r2_motion/build/sensors/prefix_override:/home/adam/r2_motion/install/sensors/lib/python3.10/site-packages:${PYTHONPATH} /usr/bin/python3 -W ignore:setup.py install is deprecated setup.py egg_info --egg-base ../../build/sensors build --build-base /home/adam/r2_motion/build/sensors/build install --record /home/adam/r2_motion/build/sensors/install.log --single-version-externally-managed install_data
