[0.761s] DEBUG:colcon:Command line arguments: ['/home/adam/.local/bin/colcon', 'build', '--packages-select', 'bno055']
[0.761s] DEBUG:colcon:Parsed command line arguments: Namespace(log_base=None, log_level=None, verb_name='build', build_base='build', install_base='install', merge_install=False, symlink_install=False, test_result_base=None, continue_on_error=False, executor='parallel', parallel_workers=4, event_handlers=None, ignore_user_meta=False, metas=['./colcon.meta'], base_paths=['.'], packages_ignore=None, packages_ignore_regex=None, paths=None, packages_up_to=None, packages_up_to_regex=None, packages_above=None, packages_above_and_dependencies=None, packages_above_depth=None, packages_select_by_dep=None, packages_skip_by_dep=None, packages_skip_up_to=None, packages_select_build_failed=False, packages_skip_build_finished=False, packages_select_test_failures=False, packages_skip_test_passed=False, packages_select=['bno055'], packages_skip=None, packages_select_regex=None, packages_skip_regex=None, packages_start=None, packages_end=None, allow_overriding=[], cmake_args=None, cmake_target=None, cmake_target_skip_unavailable=False, cmake_clean_cache=False, cmake_clean_first=False, cmake_force_configure=False, gradle_args=None, gradle_task=None, ament_cmake_args=None, catkin_cmake_args=None, catkin_skip_building_tests=False, mixin_files=None, mixin=None, verb_parser=<colcon_mixin.mixin.mixin_argument.MixinArgumentDecorator object at 0xffffad47b850>, verb_extension=<colcon_core.verb.build.BuildVerb object at 0xffffad47aec0>, main=<bound method BuildVerb.main of <colcon_core.verb.build.BuildVerb object at 0xffffad47aec0>>, mixin_verb=('build',))
[1.811s] Level 1:colcon.colcon_core.package_discovery:discover_packages(colcon_meta) check parameters
[1.811s] Level 1:colcon.colcon_core.package_discovery:discover_packages(recursive) check parameters
[1.812s] Level 1:colcon.colcon_core.package_discovery:discover_packages(ignore) check parameters
[1.812s] Level 1:colcon.colcon_core.package_discovery:discover_packages(path) check parameters
[1.812s] Level 1:colcon.colcon_core.package_discovery:discover_packages(colcon_meta) discover
[1.812s] Level 1:colcon.colcon_core.package_discovery:discover_packages(recursive) discover
[1.812s] INFO:colcon.colcon_core.package_discovery:Crawling recursively for packages in '/home/adam/r2_motion'
[1.813s] Level 1:colcon.colcon_core.package_identification:_identify(.) by extensions ['ignore', 'ignore_ament_install']
[1.813s] Level 1:colcon.colcon_core.package_identification:_identify(.) by extension 'ignore'
[1.814s] Level 1:colcon.colcon_core.package_identification:_identify(.) by extension 'ignore_ament_install'
[1.814s] Level 1:colcon.colcon_core.package_identification:_identify(.) by extensions ['colcon_pkg']
[1.814s] Level 1:colcon.colcon_core.package_identification:_identify(.) by extension 'colcon_pkg'
[1.814s] Level 1:colcon.colcon_core.package_identification:_identify(.) by extensions ['colcon_meta']
[1.814s] Level 1:colcon.colcon_core.package_identification:_identify(.) by extension 'colcon_meta'
[1.814s] Level 1:colcon.colcon_core.package_identification:_identify(.) by extensions ['ros']
[1.815s] Level 1:colcon.colcon_core.package_identification:_identify(.) by extension 'ros'
[1.866s] Level 1:colcon.colcon_core.package_identification:_identify(.) by extensions ['cmake', 'gradle', 'python']
[1.867s] Level 1:colcon.colcon_core.package_identification:_identify(.) by extension 'cmake'
[1.867s] Level 1:colcon.colcon_core.package_identification:_identify(.) by extension 'gradle'
[1.867s] Level 1:colcon.colcon_core.package_identification:_identify(.) by extension 'python'
[1.867s] Level 1:colcon.colcon_core.package_identification:_identify(.) by extensions ['python_setup_py']
[1.867s] Level 1:colcon.colcon_core.package_identification:_identify(.) by extension 'python_setup_py'
[1.868s] Level 1:colcon.colcon_core.package_identification:_identify(build) by extensions ['ignore', 'ignore_ament_install']
[1.868s] Level 1:colcon.colcon_core.package_identification:_identify(build) by extension 'ignore'
[1.869s] Level 1:colcon.colcon_core.package_identification:_identify(build) ignored
[1.870s] Level 1:colcon.colcon_core.package_identification:_identify(install) by extensions ['ignore', 'ignore_ament_install']
[1.870s] Level 1:colcon.colcon_core.package_identification:_identify(install) by extension 'ignore'
[1.870s] Level 1:colcon.colcon_core.package_identification:_identify(install) ignored
[1.871s] Level 1:colcon.colcon_core.package_identification:_identify(log) by extensions ['ignore', 'ignore_ament_install']
[1.872s] Level 1:colcon.colcon_core.package_identification:_identify(log) by extension 'ignore'
[1.872s] Level 1:colcon.colcon_core.package_identification:_identify(log) ignored
[1.872s] Level 1:colcon.colcon_core.package_identification:_identify(src) by extensions ['ignore', 'ignore_ament_install']
[1.873s] Level 1:colcon.colcon_core.package_identification:_identify(src) by extension 'ignore'
[1.873s] Level 1:colcon.colcon_core.package_identification:_identify(src) by extension 'ignore_ament_install'
[1.873s] Level 1:colcon.colcon_core.package_identification:_identify(src) by extensions ['colcon_pkg']
[1.873s] Level 1:colcon.colcon_core.package_identification:_identify(src) by extension 'colcon_pkg'
[1.873s] Level 1:colcon.colcon_core.package_identification:_identify(src) by extensions ['colcon_meta']
[1.874s] Level 1:colcon.colcon_core.package_identification:_identify(src) by extension 'colcon_meta'
[1.874s] Level 1:colcon.colcon_core.package_identification:_identify(src) by extensions ['ros']
[1.874s] Level 1:colcon.colcon_core.package_identification:_identify(src) by extension 'ros'
[1.874s] Level 1:colcon.colcon_core.package_identification:_identify(src) by extensions ['cmake', 'gradle', 'python']
[1.874s] Level 1:colcon.colcon_core.package_identification:_identify(src) by extension 'cmake'
[1.875s] Level 1:colcon.colcon_core.package_identification:_identify(src) by extension 'gradle'
[1.875s] Level 1:colcon.colcon_core.package_identification:_identify(src) by extension 'python'
[1.875s] Level 1:colcon.colcon_core.package_identification:_identify(src) by extensions ['python_setup_py']
[1.875s] Level 1:colcon.colcon_core.package_identification:_identify(src) by extension 'python_setup_py'
[1.876s] Level 1:colcon.colcon_core.package_identification:_identify(src/bno055) by extensions ['ignore', 'ignore_ament_install']
[1.876s] Level 1:colcon.colcon_core.package_identification:_identify(src/bno055) by extension 'ignore'
[1.876s] Level 1:colcon.colcon_core.package_identification:_identify(src/bno055) by extension 'ignore_ament_install'
[1.877s] Level 1:colcon.colcon_core.package_identification:_identify(src/bno055) by extensions ['colcon_pkg']
[1.877s] Level 1:colcon.colcon_core.package_identification:_identify(src/bno055) by extension 'colcon_pkg'
[1.877s] Level 1:colcon.colcon_core.package_identification:_identify(src/bno055) by extensions ['colcon_meta']
[1.877s] Level 1:colcon.colcon_core.package_identification:_identify(src/bno055) by extension 'colcon_meta'
[1.877s] Level 1:colcon.colcon_core.package_identification:_identify(src/bno055) by extensions ['ros']
[1.877s] Level 1:colcon.colcon_core.package_identification:_identify(src/bno055) by extension 'ros'
[1.888s] DEBUG:colcon.colcon_core.package_identification:Package 'src/bno055' with type 'ros.ament_python' and name 'bno055'
[1.889s] Level 1:colcon.colcon_core.package_identification:_identify(src/drivetrain) by extensions ['ignore', 'ignore_ament_install']
[1.889s] Level 1:colcon.colcon_core.package_identification:_identify(src/drivetrain) by extension 'ignore'
[1.890s] Level 1:colcon.colcon_core.package_identification:_identify(src/drivetrain) by extension 'ignore_ament_install'
[1.890s] Level 1:colcon.colcon_core.package_identification:_identify(src/drivetrain) by extensions ['colcon_pkg']
[1.890s] Level 1:colcon.colcon_core.package_identification:_identify(src/drivetrain) by extension 'colcon_pkg'
[1.890s] Level 1:colcon.colcon_core.package_identification:_identify(src/drivetrain) by extensions ['colcon_meta']
[1.890s] Level 1:colcon.colcon_core.package_identification:_identify(src/drivetrain) by extension 'colcon_meta'
[1.891s] Level 1:colcon.colcon_core.package_identification:_identify(src/drivetrain) by extensions ['ros']
[1.891s] Level 1:colcon.colcon_core.package_identification:_identify(src/drivetrain) by extension 'ros'
[1.893s] DEBUG:colcon.colcon_core.package_identification:Package 'src/drivetrain' with type 'ros.ament_python' and name 'drivetrain'
[1.893s] Level 1:colcon.colcon_core.package_identification:_identify(src/head) by extensions ['ignore', 'ignore_ament_install']
[1.894s] Level 1:colcon.colcon_core.package_identification:_identify(src/head) by extension 'ignore'
[1.894s] Level 1:colcon.colcon_core.package_identification:_identify(src/head) by extension 'ignore_ament_install'
[1.894s] Level 1:colcon.colcon_core.package_identification:_identify(src/head) by extensions ['colcon_pkg']
[1.894s] Level 1:colcon.colcon_core.package_identification:_identify(src/head) by extension 'colcon_pkg'
[1.895s] Level 1:colcon.colcon_core.package_identification:_identify(src/head) by extensions ['colcon_meta']
[1.895s] Level 1:colcon.colcon_core.package_identification:_identify(src/head) by extension 'colcon_meta'
[1.895s] Level 1:colcon.colcon_core.package_identification:_identify(src/head) by extensions ['ros']
[1.895s] Level 1:colcon.colcon_core.package_identification:_identify(src/head) by extension 'ros'
[1.897s] DEBUG:colcon.colcon_core.package_identification:Package 'src/head' with type 'ros.ament_python' and name 'head'
[1.898s] Level 1:colcon.colcon_core.package_identification:_identify(src/sensors) by extensions ['ignore', 'ignore_ament_install']
[1.898s] Level 1:colcon.colcon_core.package_identification:_identify(src/sensors) by extension 'ignore'
[1.898s] Level 1:colcon.colcon_core.package_identification:_identify(src/sensors) by extension 'ignore_ament_install'
[1.899s] Level 1:colcon.colcon_core.package_identification:_identify(src/sensors) by extensions ['colcon_pkg']
[1.899s] Level 1:colcon.colcon_core.package_identification:_identify(src/sensors) by extension 'colcon_pkg'
[1.899s] Level 1:colcon.colcon_core.package_identification:_identify(src/sensors) by extensions ['colcon_meta']
[1.899s] Level 1:colcon.colcon_core.package_identification:_identify(src/sensors) by extension 'colcon_meta'
[1.899s] Level 1:colcon.colcon_core.package_identification:_identify(src/sensors) by extensions ['ros']
[1.900s] Level 1:colcon.colcon_core.package_identification:_identify(src/sensors) by extension 'ros'
[1.902s] DEBUG:colcon.colcon_core.package_identification:Package 'src/sensors' with type 'ros.ament_python' and name 'sensors'
[1.902s] Level 1:colcon.colcon_core.package_discovery:discover_packages(recursive) using defaults
[1.902s] Level 1:colcon.colcon_core.package_discovery:discover_packages(ignore) discover
[1.902s] Level 1:colcon.colcon_core.package_discovery:discover_packages(ignore) using defaults
[1.902s] Level 1:colcon.colcon_core.package_discovery:discover_packages(path) discover
[1.902s] Level 1:colcon.colcon_core.package_discovery:discover_packages(path) using defaults
[2.039s] INFO:colcon.colcon_core.package_selection:Skipping not selected package 'drivetrain' in 'src/drivetrain'
[2.039s] INFO:colcon.colcon_core.package_selection:Skipping not selected package 'head' in 'src/head'
[2.039s] INFO:colcon.colcon_core.package_selection:Skipping not selected package 'sensors' in 'src/sensors'
[2.041s] Level 1:colcon.colcon_core.package_discovery:discover_packages(prefix_path) check parameters
[2.042s] Level 1:colcon.colcon_core.package_discovery:discover_packages(prefix_path) discover
[2.053s] DEBUG:colcon.colcon_installed_package_information.package_discovery:Found 4 installed packages in /home/adam/r2_motion/install
[2.056s] DEBUG:colcon.colcon_installed_package_information.package_discovery:Found 5 installed packages in /home/adam/scout/install
[2.060s] DEBUG:colcon.colcon_installed_package_information.package_discovery:Found 6 installed packages in /home/adam/fastdds_testing/fastdds_python_ws/install
[2.071s] DEBUG:colcon.colcon_installed_package_information.package_discovery:Found 283 installed packages in /opt/ros/humble
[2.078s] Level 1:colcon.colcon_core.package_discovery:discover_packages(prefix_path) using defaults
[2.280s] Level 5:colcon.colcon_core.verb:set package 'bno055' build argument 'cmake_args' from command line to 'None'
[2.281s] Level 5:colcon.colcon_core.verb:set package 'bno055' build argument 'cmake_target' from command line to 'None'
[2.281s] Level 5:colcon.colcon_core.verb:set package 'bno055' build argument 'cmake_target_skip_unavailable' from command line to 'False'
[2.281s] Level 5:colcon.colcon_core.verb:set package 'bno055' build argument 'cmake_clean_cache' from command line to 'False'
[2.281s] Level 5:colcon.colcon_core.verb:set package 'bno055' build argument 'cmake_clean_first' from command line to 'False'
[2.281s] Level 5:colcon.colcon_core.verb:set package 'bno055' build argument 'cmake_force_configure' from command line to 'False'
[2.282s] Level 5:colcon.colcon_core.verb:set package 'bno055' build argument 'gradle_args' from command line to 'None'
[2.282s] Level 5:colcon.colcon_core.verb:set package 'bno055' build argument 'gradle_task' from command line to 'None'
[2.282s] Level 5:colcon.colcon_core.verb:set package 'bno055' build argument 'ament_cmake_args' from command line to 'None'
[2.282s] Level 5:colcon.colcon_core.verb:set package 'bno055' build argument 'catkin_cmake_args' from command line to 'None'
[2.282s] Level 5:colcon.colcon_core.verb:set package 'bno055' build argument 'catkin_skip_building_tests' from command line to 'False'
[2.282s] DEBUG:colcon.colcon_core.verb:Building package 'bno055' with the following arguments: {'ament_cmake_args': None, 'build_base': '/home/adam/r2_motion/build/bno055', 'catkin_cmake_args': None, 'catkin_skip_building_tests': False, 'cmake_args': None, 'cmake_clean_cache': False, 'cmake_clean_first': False, 'cmake_force_configure': False, 'cmake_target': None, 'cmake_target_skip_unavailable': False, 'gradle_args': None, 'gradle_task': None, 'install_base': '/home/adam/r2_motion/install/bno055', 'merge_install': False, 'path': '/home/adam/r2_motion/src/bno055', 'symlink_install': False, 'test_result_base': None}
[2.283s] INFO:colcon.colcon_core.executor:Executing jobs using 'parallel' executor
[2.286s] DEBUG:colcon.colcon_parallel_executor.executor.parallel:run_until_complete
[2.287s] INFO:colcon.colcon_ros.task.ament_python.build:Building ROS package in '/home/adam/r2_motion/src/bno055' with build type 'ament_python'
[2.288s] Level 1:colcon.colcon_core.shell:create_environment_hook('bno055', 'ament_prefix_path')
[2.300s] INFO:colcon.colcon_core.plugin_system:Skipping extension 'colcon_core.shell.bat': Not used on non-Windows systems
[2.300s] INFO:colcon.colcon_core.shell:Creating environment hook '/home/adam/r2_motion/install/bno055/share/bno055/hook/ament_prefix_path.ps1'
[2.303s] INFO:colcon.colcon_core.shell:Creating environment descriptor '/home/adam/r2_motion/install/bno055/share/bno055/hook/ament_prefix_path.dsv'
[2.305s] INFO:colcon.colcon_core.shell:Creating environment hook '/home/adam/r2_motion/install/bno055/share/bno055/hook/ament_prefix_path.sh'
[2.309s] INFO:colcon.colcon_core.shell:Skip shell extension 'powershell' for command environment: Not usable outside of PowerShell
[2.310s] DEBUG:colcon.colcon_core.shell:Skip shell extension 'dsv' for command environment
[4.026s] INFO:colcon.colcon_core.task.python.build:Building Python package in '/home/adam/r2_motion/src/bno055'
[4.027s] INFO:colcon.colcon_core.shell:Skip shell extension 'powershell' for command environment: Not usable outside of PowerShell
[4.028s] DEBUG:colcon.colcon_core.shell:Skip shell extension 'dsv' for command environment
[6.062s] DEBUG:colcon.colcon_core.event_handler.log_command:Invoking command in '/home/adam/r2_motion/src/bno055': PYTHONPATH=/home/adam/r2_motion/build/bno055/prefix_override:/home/adam/r2_motion/install/bno055/lib/python3.10/site-packages:${PYTHONPATH} /usr/bin/python3 -W ignore:setup.py install is deprecated setup.py egg_info --egg-base ../../build/bno055 build --build-base /home/adam/r2_motion/build/bno055/build install --record /home/adam/r2_motion/build/bno055/install.log --single-version-externally-managed install_data
[7.904s] DEBUG:colcon.colcon_core.event_handler.log_command:Invoked command in '/home/adam/r2_motion/src/bno055' returned '0': PYTHONPATH=/home/adam/r2_motion/build/bno055/prefix_override:/home/adam/r2_motion/install/bno055/lib/python3.10/site-packages:${PYTHONPATH} /usr/bin/python3 -W ignore:setup.py install is deprecated setup.py egg_info --egg-base ../../build/bno055 build --build-base /home/adam/r2_motion/build/bno055/build install --record /home/adam/r2_motion/build/bno055/install.log --single-version-externally-managed install_data
[7.917s] Level 1:colcon.colcon_core.environment:checking '/home/adam/r2_motion/install/bno055' for CMake module files
[7.921s] Level 1:colcon.colcon_core.environment:checking '/home/adam/r2_motion/install/bno055' for CMake config files
[7.927s] Level 1:colcon.colcon_core.environment:checking '/home/adam/r2_motion/install/bno055/lib'
[7.928s] Level 1:colcon.colcon_core.environment:checking '/home/adam/r2_motion/install/bno055/bin'
[7.929s] Level 1:colcon.colcon_core.environment:checking '/home/adam/r2_motion/install/bno055/lib/pkgconfig/bno055.pc'
[7.930s] Level 1:colcon.colcon_core.environment:checking '/home/adam/r2_motion/install/bno055/lib/python3.10/site-packages'
[7.930s] Level 1:colcon.colcon_core.shell:create_environment_hook('bno055', 'pythonpath')
[7.931s] INFO:colcon.colcon_core.shell:Creating environment hook '/home/adam/r2_motion/install/bno055/share/bno055/hook/pythonpath.ps1'
[7.933s] INFO:colcon.colcon_core.shell:Creating environment descriptor '/home/adam/r2_motion/install/bno055/share/bno055/hook/pythonpath.dsv'
[7.934s] INFO:colcon.colcon_core.shell:Creating environment hook '/home/adam/r2_motion/install/bno055/share/bno055/hook/pythonpath.sh'
[7.937s] Level 1:colcon.colcon_core.environment:checking '/home/adam/r2_motion/install/bno055/bin'
[7.937s] Level 1:colcon.colcon_core.environment:create_environment_scripts_only(bno055)
[7.939s] INFO:colcon.colcon_core.shell:Creating package script '/home/adam/r2_motion/install/bno055/share/bno055/package.ps1'
[7.943s] INFO:colcon.colcon_core.shell:Creating package descriptor '/home/adam/r2_motion/install/bno055/share/bno055/package.dsv'
[7.946s] INFO:colcon.colcon_core.shell:Creating package script '/home/adam/r2_motion/install/bno055/share/bno055/package.sh'
[7.949s] INFO:colcon.colcon_core.shell:Creating package script '/home/adam/r2_motion/install/bno055/share/bno055/package.bash'
[7.953s] INFO:colcon.colcon_core.shell:Creating package script '/home/adam/r2_motion/install/bno055/share/bno055/package.zsh'
[7.956s] Level 1:colcon.colcon_core.environment:create_file_with_runtime_dependencies(/home/adam/r2_motion/install/bno055/share/colcon-core/packages/bno055)
[7.957s] DEBUG:colcon.colcon_parallel_executor.executor.parallel:closing loop
[7.958s] DEBUG:colcon.colcon_parallel_executor.executor.parallel:loop closed
[7.959s] DEBUG:colcon.colcon_parallel_executor.executor.parallel:run_until_complete finished with '0'
[7.959s] DEBUG:colcon.colcon_core.event_reactor:joining thread
[7.986s] INFO:colcon.colcon_core.plugin_system:Skipping extension 'colcon_notification.desktop_notification.terminal_notifier': Not used on non-Darwin systems
[7.987s] INFO:colcon.colcon_core.plugin_system:Skipping extension 'colcon_notification.desktop_notification.win32': Not used on non-Windows systems
[7.987s] INFO:colcon.colcon_notification.desktop_notification:Sending desktop notification using 'notify2'
[7.992s] DEBUG:colcon.colcon_notification.desktop_notification.notify2:Failed to initialize notify2: org.freedesktop.DBus.Error.ServiceUnknown: The name org.freedesktop.Notifications was not provided by any .service files
[7.993s] DEBUG:colcon.colcon_core.event_reactor:joined thread
[7.994s] INFO:colcon.colcon_core.shell:Creating prefix script '/home/adam/r2_motion/install/local_setup.ps1'
[7.998s] INFO:colcon.colcon_core.shell:Creating prefix util module '/home/adam/r2_motion/install/_local_setup_util_ps1.py'
[8.004s] INFO:colcon.colcon_core.shell:Creating prefix chain script '/home/adam/r2_motion/install/setup.ps1'
[8.013s] INFO:colcon.colcon_core.shell:Creating prefix script '/home/adam/r2_motion/install/local_setup.sh'
[8.016s] INFO:colcon.colcon_core.shell:Creating prefix util module '/home/adam/r2_motion/install/_local_setup_util_sh.py'
[8.018s] INFO:colcon.colcon_core.shell:Creating prefix chain script '/home/adam/r2_motion/install/setup.sh'
[8.026s] INFO:colcon.colcon_core.shell:Creating prefix script '/home/adam/r2_motion/install/local_setup.bash'
[8.028s] INFO:colcon.colcon_core.shell:Creating prefix chain script '/home/adam/r2_motion/install/setup.bash'
[8.035s] INFO:colcon.colcon_core.shell:Creating prefix script '/home/adam/r2_motion/install/local_setup.zsh'
[8.038s] INFO:colcon.colcon_core.shell:Creating prefix chain script '/home/adam/r2_motion/install/setup.zsh'
