[3.656s] Invoking command in '/home/adam/r2_motion/src/drivetrain': PYTHONPATH=/home/adam/r2_motion/build/drivetrain/prefix_override:/home/adam/r2_motion/install/drivetrain/lib/python3.10/site-packages:${PYTHONPATH} /usr/bin/python3 -W ignore:setup.py install is deprecated setup.py egg_info --egg-base ../../build/drivetrain build --build-base /home/adam/r2_motion/build/drivetrain/build install --record /home/adam/r2_motion/build/drivetrain/install.log --single-version-externally-managed install_data
[5.165s] running egg_info
[5.168s] writing ../../build/drivetrain/drivetrain.egg-info/PKG-INFO
[5.169s] writing dependency_links to ../../build/drivetrain/drivetrain.egg-info/dependency_links.txt
[5.170s] writing entry points to ../../build/drivetrain/drivetrain.egg-info/entry_points.txt
[5.171s] writing requirements to ../../build/drivetrain/drivetrain.egg-info/requires.txt
[5.172s] writing top-level names to ../../build/drivetrain/drivetrain.egg-info/top_level.txt
[5.181s] reading manifest file '../../build/drivetrain/drivetrain.egg-info/SOURCES.txt'
[5.182s] adding license file 'LICENSE'
[5.185s] writing manifest file '../../build/drivetrain/drivetrain.egg-info/SOURCES.txt'
[5.185s] running build
[5.186s] running build_py
[5.187s] running install
[5.189s] running install_lib
[5.197s] running install_data
[5.197s] running install_egg_info
[5.205s] removing '/home/adam/r2_motion/install/drivetrain/lib/python3.10/site-packages/drivetrain-0.0.0-py3.10.egg-info' (and everything under it)
[5.207s] Copying ../../build/drivetrain/drivetrain.egg-info to /home/adam/r2_motion/install/drivetrain/lib/python3.10/site-packages/drivetrain-0.0.0-py3.10.egg-info
[5.213s] running install_scripts
[5.306s] Installing motor script to /home/adam/r2_motion/install/drivetrain/lib/drivetrain
[5.308s] writing list of installed files to '/home/adam/r2_motion/build/drivetrain/install.log'
[5.430s] Invoked command in '/home/adam/r2_motion/src/drivetrain' returned '0': PYTHONPATH=/home/adam/r2_motion/build/drivetrain/prefix_override:/home/adam/r2_motion/install/drivetrain/lib/python3.10/site-packages:${PYTHONPATH} /usr/bin/python3 -W ignore:setup.py install is deprecated setup.py egg_info --egg-base ../../build/drivetrain build --build-base /home/adam/r2_motion/build/drivetrain/build install --record /home/adam/r2_motion/build/drivetrain/install.log --single-version-externally-managed install_data
