[0.778s] DEBUG:colcon:Command line arguments: ['/home/adam/.local/bin/colcon', 'build', '--packages-select', 'gps']
[0.778s] DEBUG:colcon:Parsed command line arguments: Namespace(log_base=None, log_level=None, verb_name='build', build_base='build', install_base='install', merge_install=False, symlink_install=False, test_result_base=None, continue_on_error=False, executor='parallel', parallel_workers=4, event_handlers=None, ignore_user_meta=False, metas=['./colcon.meta'], base_paths=['.'], packages_ignore=None, packages_ignore_regex=None, paths=None, packages_up_to=None, packages_up_to_regex=None, packages_above=None, packages_above_and_dependencies=None, packages_above_depth=None, packages_select_by_dep=None, packages_skip_by_dep=None, packages_skip_up_to=None, packages_select_build_failed=False, packages_skip_build_finished=False, packages_select_test_failures=False, packages_skip_test_passed=False, packages_select=['gps'], packages_skip=None, packages_select_regex=None, packages_skip_regex=None, packages_start=None, packages_end=None, allow_overriding=[], cmake_args=None, cmake_target=None, cmake_target_skip_unavailable=False, cmake_clean_cache=False, cmake_clean_first=False, cmake_force_configure=False, gradle_args=None, gradle_task=None, ament_cmake_args=None, catkin_cmake_args=None, catkin_skip_building_tests=False, mixin_files=None, mixin=None, verb_parser=<colcon_mixin.mixin.mixin_argument.MixinArgumentDecorator object at 0xffffbaf6bf10>, verb_extension=<colcon_core.verb.build.BuildVerb object at 0xffffbaf6b580>, main=<bound method BuildVerb.main of <colcon_core.verb.build.BuildVerb object at 0xffffbaf6b580>>, mixin_verb=('build',))
[1.857s] Level 1:colcon.colcon_core.package_discovery:discover_packages(colcon_meta) check parameters
[1.858s] Level 1:colcon.colcon_core.package_discovery:discover_packages(recursive) check parameters
[1.858s] Level 1:colcon.colcon_core.package_discovery:discover_packages(ignore) check parameters
[1.858s] Level 1:colcon.colcon_core.package_discovery:discover_packages(path) check parameters
[1.858s] Level 1:colcon.colcon_core.package_discovery:discover_packages(colcon_meta) discover
[1.858s] Level 1:colcon.colcon_core.package_discovery:discover_packages(recursive) discover
[1.858s] INFO:colcon.colcon_core.package_discovery:Crawling recursively for packages in '/home/adam/r2_motion'
[1.859s] Level 1:colcon.colcon_core.package_identification:_identify(.) by extensions ['ignore', 'ignore_ament_install']
[1.859s] Level 1:colcon.colcon_core.package_identification:_identify(.) by extension 'ignore'
[1.859s] Level 1:colcon.colcon_core.package_identification:_identify(.) by extension 'ignore_ament_install'
[1.860s] Level 1:colcon.colcon_core.package_identification:_identify(.) by extensions ['colcon_pkg']
[1.860s] Level 1:colcon.colcon_core.package_identification:_identify(.) by extension 'colcon_pkg'
[1.860s] Level 1:colcon.colcon_core.package_identification:_identify(.) by extensions ['colcon_meta']
[1.860s] Level 1:colcon.colcon_core.package_identification:_identify(.) by extension 'colcon_meta'
[1.860s] Level 1:colcon.colcon_core.package_identification:_identify(.) by extensions ['ros']
[1.860s] Level 1:colcon.colcon_core.package_identification:_identify(.) by extension 'ros'
[1.912s] Level 1:colcon.colcon_core.package_identification:_identify(.) by extensions ['cmake', 'gradle', 'python']
[1.912s] Level 1:colcon.colcon_core.package_identification:_identify(.) by extension 'cmake'
[1.912s] Level 1:colcon.colcon_core.package_identification:_identify(.) by extension 'gradle'
[1.912s] Level 1:colcon.colcon_core.package_identification:_identify(.) by extension 'python'
[1.913s] Level 1:colcon.colcon_core.package_identification:_identify(.) by extensions ['python_setup_py']
[1.913s] Level 1:colcon.colcon_core.package_identification:_identify(.) by extension 'python_setup_py'
[1.913s] Level 1:colcon.colcon_core.package_identification:_identify(build) by extensions ['ignore', 'ignore_ament_install']
[1.914s] Level 1:colcon.colcon_core.package_identification:_identify(build) by extension 'ignore'
[1.914s] Level 1:colcon.colcon_core.package_identification:_identify(build) ignored
[1.915s] Level 1:colcon.colcon_core.package_identification:_identify(install) by extensions ['ignore', 'ignore_ament_install']
[1.915s] Level 1:colcon.colcon_core.package_identification:_identify(install) by extension 'ignore'
[1.915s] Level 1:colcon.colcon_core.package_identification:_identify(install) ignored
[1.916s] Level 1:colcon.colcon_core.package_identification:_identify(log) by extensions ['ignore', 'ignore_ament_install']
[1.917s] Level 1:colcon.colcon_core.package_identification:_identify(log) by extension 'ignore'
[1.917s] Level 1:colcon.colcon_core.package_identification:_identify(log) ignored
[1.918s] Level 1:colcon.colcon_core.package_identification:_identify(src) by extensions ['ignore', 'ignore_ament_install']
[1.918s] Level 1:colcon.colcon_core.package_identification:_identify(src) by extension 'ignore'
[1.918s] Level 1:colcon.colcon_core.package_identification:_identify(src) by extension 'ignore_ament_install'
[1.918s] Level 1:colcon.colcon_core.package_identification:_identify(src) by extensions ['colcon_pkg']
[1.919s] Level 1:colcon.colcon_core.package_identification:_identify(src) by extension 'colcon_pkg'
[1.919s] Level 1:colcon.colcon_core.package_identification:_identify(src) by extensions ['colcon_meta']
[1.919s] Level 1:colcon.colcon_core.package_identification:_identify(src) by extension 'colcon_meta'
[1.919s] Level 1:colcon.colcon_core.package_identification:_identify(src) by extensions ['ros']
[1.919s] Level 1:colcon.colcon_core.package_identification:_identify(src) by extension 'ros'
[1.920s] Level 1:colcon.colcon_core.package_identification:_identify(src) by extensions ['cmake', 'gradle', 'python']
[1.920s] Level 1:colcon.colcon_core.package_identification:_identify(src) by extension 'cmake'
[1.920s] Level 1:colcon.colcon_core.package_identification:_identify(src) by extension 'gradle'
[1.920s] Level 1:colcon.colcon_core.package_identification:_identify(src) by extension 'python'
[1.920s] Level 1:colcon.colcon_core.package_identification:_identify(src) by extensions ['python_setup_py']
[1.920s] Level 1:colcon.colcon_core.package_identification:_identify(src) by extension 'python_setup_py'
[1.921s] Level 1:colcon.colcon_core.package_identification:_identify(src/bno055) by extensions ['ignore', 'ignore_ament_install']
[1.922s] Level 1:colcon.colcon_core.package_identification:_identify(src/bno055) by extension 'ignore'
[1.922s] Level 1:colcon.colcon_core.package_identification:_identify(src/bno055) by extension 'ignore_ament_install'
[1.922s] Level 1:colcon.colcon_core.package_identification:_identify(src/bno055) by extensions ['colcon_pkg']
[1.922s] Level 1:colcon.colcon_core.package_identification:_identify(src/bno055) by extension 'colcon_pkg'
[1.922s] Level 1:colcon.colcon_core.package_identification:_identify(src/bno055) by extensions ['colcon_meta']
[1.923s] Level 1:colcon.colcon_core.package_identification:_identify(src/bno055) by extension 'colcon_meta'
[1.923s] Level 1:colcon.colcon_core.package_identification:_identify(src/bno055) by extensions ['ros']
[1.923s] Level 1:colcon.colcon_core.package_identification:_identify(src/bno055) by extension 'ros'
[1.934s] DEBUG:colcon.colcon_core.package_identification:Package 'src/bno055' with type 'ros.ament_python' and name 'bno055'
[1.934s] Level 1:colcon.colcon_core.package_identification:_identify(src/drivetrain) by extensions ['ignore', 'ignore_ament_install']
[1.935s] Level 1:colcon.colcon_core.package_identification:_identify(src/drivetrain) by extension 'ignore'
[1.935s] Level 1:colcon.colcon_core.package_identification:_identify(src/drivetrain) by extension 'ignore_ament_install'
[1.935s] Level 1:colcon.colcon_core.package_identification:_identify(src/drivetrain) by extensions ['colcon_pkg']
[1.935s] Level 1:colcon.colcon_core.package_identification:_identify(src/drivetrain) by extension 'colcon_pkg'
[1.936s] Level 1:colcon.colcon_core.package_identification:_identify(src/drivetrain) by extensions ['colcon_meta']
[1.936s] Level 1:colcon.colcon_core.package_identification:_identify(src/drivetrain) by extension 'colcon_meta'
[1.936s] Level 1:colcon.colcon_core.package_identification:_identify(src/drivetrain) by extensions ['ros']
[1.936s] Level 1:colcon.colcon_core.package_identification:_identify(src/drivetrain) by extension 'ros'
[1.938s] DEBUG:colcon.colcon_core.package_identification:Package 'src/drivetrain' with type 'ros.ament_python' and name 'drivetrain'
[1.939s] Level 1:colcon.colcon_core.package_identification:_identify(src/gps) by extensions ['ignore', 'ignore_ament_install']
[1.939s] Level 1:colcon.colcon_core.package_identification:_identify(src/gps) by extension 'ignore'
[1.939s] Level 1:colcon.colcon_core.package_identification:_identify(src/gps) by extension 'ignore_ament_install'
[1.940s] Level 1:colcon.colcon_core.package_identification:_identify(src/gps) by extensions ['colcon_pkg']
[1.940s] Level 1:colcon.colcon_core.package_identification:_identify(src/gps) by extension 'colcon_pkg'
[1.940s] Level 1:colcon.colcon_core.package_identification:_identify(src/gps) by extensions ['colcon_meta']
[1.940s] Level 1:colcon.colcon_core.package_identification:_identify(src/gps) by extension 'colcon_meta'
[1.940s] Level 1:colcon.colcon_core.package_identification:_identify(src/gps) by extensions ['ros']
[1.941s] Level 1:colcon.colcon_core.package_identification:_identify(src/gps) by extension 'ros'
[1.943s] DEBUG:colcon.colcon_core.package_identification:Package 'src/gps' with type 'ros.ament_python' and name 'gps'
[1.943s] Level 1:colcon.colcon_core.package_identification:_identify(src/head) by extensions ['ignore', 'ignore_ament_install']
[1.944s] Level 1:colcon.colcon_core.package_identification:_identify(src/head) by extension 'ignore'
[1.944s] Level 1:colcon.colcon_core.package_identification:_identify(src/head) by extension 'ignore_ament_install'
[1.944s] Level 1:colcon.colcon_core.package_identification:_identify(src/head) by extensions ['colcon_pkg']
[1.944s] Level 1:colcon.colcon_core.package_identification:_identify(src/head) by extension 'colcon_pkg'
[1.944s] Level 1:colcon.colcon_core.package_identification:_identify(src/head) by extensions ['colcon_meta']
[1.945s] Level 1:colcon.colcon_core.package_identification:_identify(src/head) by extension 'colcon_meta'
[1.945s] Level 1:colcon.colcon_core.package_identification:_identify(src/head) by extensions ['ros']
[1.945s] Level 1:colcon.colcon_core.package_identification:_identify(src/head) by extension 'ros'
[1.947s] DEBUG:colcon.colcon_core.package_identification:Package 'src/head' with type 'ros.ament_python' and name 'head'
[1.948s] Level 1:colcon.colcon_core.package_identification:_identify(src/sensors) by extensions ['ignore', 'ignore_ament_install']
[1.948s] Level 1:colcon.colcon_core.package_identification:_identify(src/sensors) by extension 'ignore'
[1.948s] Level 1:colcon.colcon_core.package_identification:_identify(src/sensors) by extension 'ignore_ament_install'
[1.948s] Level 1:colcon.colcon_core.package_identification:_identify(src/sensors) by extensions ['colcon_pkg']
[1.949s] Level 1:colcon.colcon_core.package_identification:_identify(src/sensors) by extension 'colcon_pkg'
[1.949s] Level 1:colcon.colcon_core.package_identification:_identify(src/sensors) by extensions ['colcon_meta']
[1.949s] Level 1:colcon.colcon_core.package_identification:_identify(src/sensors) by extension 'colcon_meta'
[1.949s] Level 1:colcon.colcon_core.package_identification:_identify(src/sensors) by extensions ['ros']
[1.949s] Level 1:colcon.colcon_core.package_identification:_identify(src/sensors) by extension 'ros'
[1.951s] DEBUG:colcon.colcon_core.package_identification:Package 'src/sensors' with type 'ros.ament_python' and name 'sensors'
[1.952s] Level 1:colcon.colcon_core.package_discovery:discover_packages(recursive) using defaults
[1.952s] Level 1:colcon.colcon_core.package_discovery:discover_packages(ignore) discover
[1.952s] Level 1:colcon.colcon_core.package_discovery:discover_packages(ignore) using defaults
[1.952s] Level 1:colcon.colcon_core.package_discovery:discover_packages(path) discover
[1.952s] Level 1:colcon.colcon_core.package_discovery:discover_packages(path) using defaults
[2.090s] INFO:colcon.colcon_core.package_selection:Skipping not selected package 'bno055' in 'src/bno055'
[2.091s] INFO:colcon.colcon_core.package_selection:Skipping not selected package 'drivetrain' in 'src/drivetrain'
[2.091s] INFO:colcon.colcon_core.package_selection:Skipping not selected package 'head' in 'src/head'
[2.091s] INFO:colcon.colcon_core.package_selection:Skipping not selected package 'sensors' in 'src/sensors'
[2.093s] Level 1:colcon.colcon_core.package_discovery:discover_packages(prefix_path) check parameters
[2.093s] Level 1:colcon.colcon_core.package_discovery:discover_packages(prefix_path) discover
[2.106s] DEBUG:colcon.colcon_installed_package_information.package_discovery:Found 5 installed packages in /home/adam/r2_motion/install
[2.108s] DEBUG:colcon.colcon_installed_package_information.package_discovery:Found 1 installed packages in /home/adam/gps_test/install
[2.111s] DEBUG:colcon.colcon_installed_package_information.package_discovery:Found 5 installed packages in /home/adam/scout/install
[2.115s] DEBUG:colcon.colcon_installed_package_information.package_discovery:Found 6 installed packages in /home/adam/fastdds_testing/fastdds_python_ws/install
[2.126s] DEBUG:colcon.colcon_installed_package_information.package_discovery:Found 285 installed packages in /opt/ros/humble
[2.133s] Level 1:colcon.colcon_core.package_discovery:discover_packages(prefix_path) using defaults
[2.340s] Level 5:colcon.colcon_core.verb:set package 'gps' build argument 'cmake_args' from command line to 'None'
[2.341s] Level 5:colcon.colcon_core.verb:set package 'gps' build argument 'cmake_target' from command line to 'None'
[2.341s] Level 5:colcon.colcon_core.verb:set package 'gps' build argument 'cmake_target_skip_unavailable' from command line to 'False'
[2.341s] Level 5:colcon.colcon_core.verb:set package 'gps' build argument 'cmake_clean_cache' from command line to 'False'
[2.341s] Level 5:colcon.colcon_core.verb:set package 'gps' build argument 'cmake_clean_first' from command line to 'False'
[2.341s] Level 5:colcon.colcon_core.verb:set package 'gps' build argument 'cmake_force_configure' from command line to 'False'
[2.341s] Level 5:colcon.colcon_core.verb:set package 'gps' build argument 'gradle_args' from command line to 'None'
[2.341s] Level 5:colcon.colcon_core.verb:set package 'gps' build argument 'gradle_task' from command line to 'None'
[2.341s] Level 5:colcon.colcon_core.verb:set package 'gps' build argument 'ament_cmake_args' from command line to 'None'
[2.342s] Level 5:colcon.colcon_core.verb:set package 'gps' build argument 'catkin_cmake_args' from command line to 'None'
[2.342s] Level 5:colcon.colcon_core.verb:set package 'gps' build argument 'catkin_skip_building_tests' from command line to 'False'
[2.342s] DEBUG:colcon.colcon_core.verb:Building package 'gps' with the following arguments: {'ament_cmake_args': None, 'build_base': '/home/adam/r2_motion/build/gps', 'catkin_cmake_args': None, 'catkin_skip_building_tests': False, 'cmake_args': None, 'cmake_clean_cache': False, 'cmake_clean_first': False, 'cmake_force_configure': False, 'cmake_target': None, 'cmake_target_skip_unavailable': False, 'gradle_args': None, 'gradle_task': None, 'install_base': '/home/adam/r2_motion/install/gps', 'merge_install': False, 'path': '/home/adam/r2_motion/src/gps', 'symlink_install': False, 'test_result_base': None}
[2.343s] INFO:colcon.colcon_core.executor:Executing jobs using 'parallel' executor
[2.346s] DEBUG:colcon.colcon_parallel_executor.executor.parallel:run_until_complete
[2.347s] INFO:colcon.colcon_ros.task.ament_python.build:Building ROS package in '/home/adam/r2_motion/src/gps' with build type 'ament_python'
[2.347s] Level 1:colcon.colcon_core.shell:create_environment_hook('gps', 'ament_prefix_path')
[2.360s] INFO:colcon.colcon_core.plugin_system:Skipping extension 'colcon_core.shell.bat': Not used on non-Windows systems
[2.360s] INFO:colcon.colcon_core.shell:Creating environment hook '/home/adam/r2_motion/install/gps/share/gps/hook/ament_prefix_path.ps1'
[2.363s] INFO:colcon.colcon_core.shell:Creating environment descriptor '/home/adam/r2_motion/install/gps/share/gps/hook/ament_prefix_path.dsv'
[2.366s] INFO:colcon.colcon_core.shell:Creating environment hook '/home/adam/r2_motion/install/gps/share/gps/hook/ament_prefix_path.sh'
[2.369s] INFO:colcon.colcon_core.shell:Skip shell extension 'powershell' for command environment: Not usable outside of PowerShell
[2.369s] DEBUG:colcon.colcon_core.shell:Skip shell extension 'dsv' for command environment
[4.106s] INFO:colcon.colcon_core.task.python.build:Building Python package in '/home/adam/r2_motion/src/gps'
[4.107s] INFO:colcon.colcon_core.shell:Skip shell extension 'powershell' for command environment: Not usable outside of PowerShell
[4.107s] DEBUG:colcon.colcon_core.shell:Skip shell extension 'dsv' for command environment
[6.163s] DEBUG:colcon.colcon_core.event_handler.log_command:Invoking command in '/home/adam/r2_motion/src/gps': PYTHONPATH=/home/adam/r2_motion/build/gps/prefix_override:/home/adam/r2_motion/install/gps/lib/python3.10/site-packages:${PYTHONPATH} /usr/bin/python3 -W ignore:setup.py install is deprecated setup.py egg_info --egg-base ../../build/gps build --build-base /home/adam/r2_motion/build/gps/build install --record /home/adam/r2_motion/build/gps/install.log --single-version-externally-managed install_data
[8.035s] DEBUG:colcon.colcon_core.event_handler.log_command:Invoked command in '/home/adam/r2_motion/src/gps' returned '0': PYTHONPATH=/home/adam/r2_motion/build/gps/prefix_override:/home/adam/r2_motion/install/gps/lib/python3.10/site-packages:${PYTHONPATH} /usr/bin/python3 -W ignore:setup.py install is deprecated setup.py egg_info --egg-base ../../build/gps build --build-base /home/adam/r2_motion/build/gps/build install --record /home/adam/r2_motion/build/gps/install.log --single-version-externally-managed install_data
[8.050s] Level 1:colcon.colcon_core.environment:checking '/home/adam/r2_motion/install/gps' for CMake module files
[8.054s] Level 1:colcon.colcon_core.environment:checking '/home/adam/r2_motion/install/gps' for CMake config files
[8.058s] Level 1:colcon.colcon_core.environment:checking '/home/adam/r2_motion/install/gps/lib'
[8.059s] Level 1:colcon.colcon_core.environment:checking '/home/adam/r2_motion/install/gps/bin'
[8.059s] Level 1:colcon.colcon_core.environment:checking '/home/adam/r2_motion/install/gps/lib/pkgconfig/gps.pc'
[8.060s] Level 1:colcon.colcon_core.environment:checking '/home/adam/r2_motion/install/gps/lib/python3.10/site-packages'
[8.060s] Level 1:colcon.colcon_core.shell:create_environment_hook('gps', 'pythonpath')
[8.061s] INFO:colcon.colcon_core.shell:Creating environment hook '/home/adam/r2_motion/install/gps/share/gps/hook/pythonpath.ps1'
[8.063s] INFO:colcon.colcon_core.shell:Creating environment descriptor '/home/adam/r2_motion/install/gps/share/gps/hook/pythonpath.dsv'
[8.065s] INFO:colcon.colcon_core.shell:Creating environment hook '/home/adam/r2_motion/install/gps/share/gps/hook/pythonpath.sh'
[8.067s] Level 1:colcon.colcon_core.environment:checking '/home/adam/r2_motion/install/gps/bin'
[8.068s] Level 1:colcon.colcon_core.environment:create_environment_scripts_only(gps)
[8.069s] INFO:colcon.colcon_core.shell:Creating package script '/home/adam/r2_motion/install/gps/share/gps/package.ps1'
[8.073s] INFO:colcon.colcon_core.shell:Creating package descriptor '/home/adam/r2_motion/install/gps/share/gps/package.dsv'
[8.076s] INFO:colcon.colcon_core.shell:Creating package script '/home/adam/r2_motion/install/gps/share/gps/package.sh'
[8.079s] INFO:colcon.colcon_core.shell:Creating package script '/home/adam/r2_motion/install/gps/share/gps/package.bash'
[8.083s] INFO:colcon.colcon_core.shell:Creating package script '/home/adam/r2_motion/install/gps/share/gps/package.zsh'
[8.086s] Level 1:colcon.colcon_core.environment:create_file_with_runtime_dependencies(/home/adam/r2_motion/install/gps/share/colcon-core/packages/gps)
[8.088s] DEBUG:colcon.colcon_parallel_executor.executor.parallel:closing loop
[8.089s] DEBUG:colcon.colcon_parallel_executor.executor.parallel:loop closed
[8.089s] DEBUG:colcon.colcon_parallel_executor.executor.parallel:run_until_complete finished with '0'
[8.089s] DEBUG:colcon.colcon_core.event_reactor:joining thread
[8.116s] INFO:colcon.colcon_core.plugin_system:Skipping extension 'colcon_notification.desktop_notification.terminal_notifier': Not used on non-Darwin systems
[8.117s] INFO:colcon.colcon_core.plugin_system:Skipping extension 'colcon_notification.desktop_notification.win32': Not used on non-Windows systems
[8.117s] INFO:colcon.colcon_notification.desktop_notification:Sending desktop notification using 'notify2'
[8.122s] DEBUG:colcon.colcon_notification.desktop_notification.notify2:Failed to initialize notify2: org.freedesktop.DBus.Error.ServiceUnknown: The name org.freedesktop.Notifications was not provided by any .service files
[8.122s] DEBUG:colcon.colcon_core.event_reactor:joined thread
[8.123s] INFO:colcon.colcon_core.shell:Creating prefix script '/home/adam/r2_motion/install/local_setup.ps1'
[8.127s] INFO:colcon.colcon_core.shell:Creating prefix util module '/home/adam/r2_motion/install/_local_setup_util_ps1.py'
[8.134s] INFO:colcon.colcon_core.shell:Creating prefix chain script '/home/adam/r2_motion/install/setup.ps1'
[8.144s] INFO:colcon.colcon_core.shell:Creating prefix script '/home/adam/r2_motion/install/local_setup.sh'
[8.147s] INFO:colcon.colcon_core.shell:Creating prefix util module '/home/adam/r2_motion/install/_local_setup_util_sh.py'
[8.149s] INFO:colcon.colcon_core.shell:Creating prefix chain script '/home/adam/r2_motion/install/setup.sh'
[8.157s] INFO:colcon.colcon_core.shell:Creating prefix script '/home/adam/r2_motion/install/local_setup.bash'
[8.160s] INFO:colcon.colcon_core.shell:Creating prefix chain script '/home/adam/r2_motion/install/setup.bash'
[8.168s] INFO:colcon.colcon_core.shell:Creating prefix script '/home/adam/r2_motion/install/local_setup.zsh'
[8.170s] INFO:colcon.colcon_core.shell:Creating prefix chain script '/home/adam/r2_motion/install/setup.zsh'
