[5.854s] Invoking command in '/home/adam/r2_motion/src/drivetrain': PYTHONPATH=/home/adam/r2_motion/build/drivetrain/prefix_override:/home/adam/r2_motion/install/drivetrain/lib/python3.10/site-packages:${PYTHONPATH} /usr/bin/python3 -W ignore:setup.py install is deprecated setup.py egg_info --egg-base ../../build/drivetrain build --build-base /home/adam/r2_motion/build/drivetrain/build install --record /home/adam/r2_motion/build/drivetrain/install.log --single-version-externally-managed install_data
[7.598s] running egg_info
[7.602s] writing ../../build/drivetrain/drivetrain.egg-info/PKG-INFO
[7.603s] writing dependency_links to ../../build/drivetrain/drivetrain.egg-info/dependency_links.txt
[7.604s] writing entry points to ../../build/drivetrain/drivetrain.egg-info/entry_points.txt
[7.605s] writing requirements to ../../build/drivetrain/drivetrain.egg-info/requires.txt
[7.606s] writing top-level names to ../../build/drivetrain/drivetrain.egg-info/top_level.txt
[7.616s] reading manifest file '../../build/drivetrain/drivetrain.egg-info/SOURCES.txt'
[7.618s] adding license file 'LICENSE'
[7.621s] writing manifest file '../../build/drivetrain/drivetrain.egg-info/SOURCES.txt'
[7.622s] running build
[7.623s] running build_py
[7.624s] running install
[7.626s] running install_lib
[7.635s] running install_data
[7.636s] running install_egg_info
[7.645s] removing '/home/adam/r2_motion/install/drivetrain/lib/python3.10/site-packages/drivetrain-0.0.0-py3.10.egg-info' (and everything under it)
[7.647s] Copying ../../build/drivetrain/drivetrain.egg-info to /home/adam/r2_motion/install/drivetrain/lib/python3.10/site-packages/drivetrain-0.0.0-py3.10.egg-info
[7.655s] running install_scripts
[7.764s] Installing motor script to /home/adam/r2_motion/install/drivetrain/lib/drivetrain
[7.767s] writing list of installed files to '/home/adam/r2_motion/build/drivetrain/install.log'
[8.009s] Invoked command in '/home/adam/r2_motion/src/drivetrain' returned '0': PYTHONPATH=/home/adam/r2_motion/build/drivetrain/prefix_override:/home/adam/r2_motion/install/drivetrain/lib/python3.10/site-packages:${PYTHONPATH} /usr/bin/python3 -W ignore:setup.py install is deprecated setup.py egg_info --egg-base ../../build/drivetrain build --build-base /home/adam/r2_motion/build/drivetrain/build install --record /home/adam/r2_motion/build/drivetrain/install.log --single-version-externally-managed install_data
