[1.797s] DEBUG:colcon:Command line arguments: ['/home/adam/.local/bin/colcon', 'build']
[1.798s] DEBUG:colcon:Parsed command line arguments: Namespace(log_base=None, log_level=None, verb_name='build', build_base='build', install_base='install', merge_install=False, symlink_install=False, test_result_base=None, continue_on_error=False, executor='parallel', parallel_workers=4, event_handlers=None, ignore_user_meta=False, metas=['./colcon.meta'], base_paths=['.'], packages_ignore=None, packages_ignore_regex=None, paths=None, packages_up_to=None, packages_up_to_regex=None, packages_above=None, packages_above_and_dependencies=None, packages_above_depth=None, packages_select_by_dep=None, packages_skip_by_dep=None, packages_skip_up_to=None, packages_select_build_failed=False, packages_skip_build_finished=False, packages_select_test_failures=False, packages_skip_test_passed=False, packages_select=None, packages_skip=None, packages_select_regex=None, packages_skip_regex=None, packages_start=None, packages_end=None, allow_overriding=[], cmake_args=None, cmake_target=None, cmake_target_skip_unavailable=False, cmake_clean_cache=False, cmake_clean_first=False, cmake_force_configure=False, gradle_args=None, gradle_task=None, ament_cmake_args=None, catkin_cmake_args=None, catkin_skip_building_tests=False, mixin_files=None, mixin=None, verb_parser=<colcon_mixin.mixin.mixin_argument.MixinArgumentDecorator object at 0xffff82732d70>, verb_extension=<colcon_core.verb.build.BuildVerb object at 0xffff827326b0>, main=<bound method BuildVerb.main of <colcon_core.verb.build.BuildVerb object at 0xffff827326b0>>, mixin_verb=('build',))
[3.418s] Level 1:colcon.colcon_core.package_discovery:discover_packages(colcon_meta) check parameters
[3.419s] Level 1:colcon.colcon_core.package_discovery:discover_packages(recursive) check parameters
[3.419s] Level 1:colcon.colcon_core.package_discovery:discover_packages(ignore) check parameters
[3.420s] Level 1:colcon.colcon_core.package_discovery:discover_packages(path) check parameters
[3.420s] Level 1:colcon.colcon_core.package_discovery:discover_packages(colcon_meta) discover
[3.420s] Level 1:colcon.colcon_core.package_discovery:discover_packages(recursive) discover
[3.420s] INFO:colcon.colcon_core.package_discovery:Crawling recursively for packages in '/home/adam/r2_motion'
[3.421s] Level 1:colcon.colcon_core.package_identification:_identify(.) by extensions ['ignore', 'ignore_ament_install']
[3.422s] Level 1:colcon.colcon_core.package_identification:_identify(.) by extension 'ignore'
[3.422s] Level 1:colcon.colcon_core.package_identification:_identify(.) by extension 'ignore_ament_install'
[3.423s] Level 1:colcon.colcon_core.package_identification:_identify(.) by extensions ['colcon_pkg']
[3.423s] Level 1:colcon.colcon_core.package_identification:_identify(.) by extension 'colcon_pkg'
[3.423s] Level 1:colcon.colcon_core.package_identification:_identify(.) by extensions ['colcon_meta']
[3.424s] Level 1:colcon.colcon_core.package_identification:_identify(.) by extension 'colcon_meta'
[3.424s] Level 1:colcon.colcon_core.package_identification:_identify(.) by extensions ['ros']
[3.425s] Level 1:colcon.colcon_core.package_identification:_identify(.) by extension 'ros'
[3.522s] Level 1:colcon.colcon_core.package_identification:_identify(.) by extensions ['cmake', 'gradle', 'python']
[3.523s] Level 1:colcon.colcon_core.package_identification:_identify(.) by extension 'cmake'
[3.523s] Level 1:colcon.colcon_core.package_identification:_identify(.) by extension 'gradle'
[3.523s] Level 1:colcon.colcon_core.package_identification:_identify(.) by extension 'python'
[3.524s] Level 1:colcon.colcon_core.package_identification:_identify(.) by extensions ['python_setup_py']
[3.524s] Level 1:colcon.colcon_core.package_identification:_identify(.) by extension 'python_setup_py'
[3.524s] Level 1:colcon.colcon_core.package_identification:_identify(build) by extensions ['ignore', 'ignore_ament_install']
[3.525s] Level 1:colcon.colcon_core.package_identification:_identify(build) by extension 'ignore'
[3.525s] Level 1:colcon.colcon_core.package_identification:_identify(build) ignored
[3.526s] Level 1:colcon.colcon_core.package_identification:_identify(install) by extensions ['ignore', 'ignore_ament_install']
[3.527s] Level 1:colcon.colcon_core.package_identification:_identify(install) by extension 'ignore'
[3.527s] Level 1:colcon.colcon_core.package_identification:_identify(install) ignored
[3.528s] Level 1:colcon.colcon_core.package_identification:_identify(log) by extensions ['ignore', 'ignore_ament_install']
[3.528s] Level 1:colcon.colcon_core.package_identification:_identify(log) by extension 'ignore'
[3.529s] Level 1:colcon.colcon_core.package_identification:_identify(log) ignored
[3.530s] Level 1:colcon.colcon_core.package_identification:_identify(src) by extensions ['ignore', 'ignore_ament_install']
[3.530s] Level 1:colcon.colcon_core.package_identification:_identify(src) by extension 'ignore'
[3.531s] Level 1:colcon.colcon_core.package_identification:_identify(src) by extension 'ignore_ament_install'
[3.531s] Level 1:colcon.colcon_core.package_identification:_identify(src) by extensions ['colcon_pkg']
[3.532s] Level 1:colcon.colcon_core.package_identification:_identify(src) by extension 'colcon_pkg'
[3.532s] Level 1:colcon.colcon_core.package_identification:_identify(src) by extensions ['colcon_meta']
[3.532s] Level 1:colcon.colcon_core.package_identification:_identify(src) by extension 'colcon_meta'
[3.533s] Level 1:colcon.colcon_core.package_identification:_identify(src) by extensions ['ros']
[3.533s] Level 1:colcon.colcon_core.package_identification:_identify(src) by extension 'ros'
[3.534s] Level 1:colcon.colcon_core.package_identification:_identify(src) by extensions ['cmake', 'gradle', 'python']
[3.534s] Level 1:colcon.colcon_core.package_identification:_identify(src) by extension 'cmake'
[3.535s] Level 1:colcon.colcon_core.package_identification:_identify(src) by extension 'gradle'
[3.535s] Level 1:colcon.colcon_core.package_identification:_identify(src) by extension 'python'
[3.536s] Level 1:colcon.colcon_core.package_identification:_identify(src) by extensions ['python_setup_py']
[3.536s] Level 1:colcon.colcon_core.package_identification:_identify(src) by extension 'python_setup_py'
[3.536s] Level 1:colcon.colcon_core.package_discovery:discover_packages(recursive) using defaults
[3.537s] Level 1:colcon.colcon_core.package_discovery:discover_packages(ignore) discover
[3.537s] Level 1:colcon.colcon_core.package_discovery:discover_packages(ignore) using defaults
[3.537s] Level 1:colcon.colcon_core.package_discovery:discover_packages(path) discover
[3.537s] Level 1:colcon.colcon_core.package_discovery:discover_packages(path) using defaults
[3.815s] Level 1:colcon.colcon_core.package_discovery:discover_packages(prefix_path) check parameters
[3.815s] Level 1:colcon.colcon_core.package_discovery:discover_packages(prefix_path) discover
[3.845s] DEBUG:colcon.colcon_installed_package_information.package_discovery:Found 5 installed packages in /home/adam/scout/install
[3.850s] DEBUG:colcon.colcon_installed_package_information.package_discovery:Found 6 installed packages in /home/adam/fastdds_testing/fastdds_python_ws/install
[3.862s] DEBUG:colcon.colcon_installed_package_information.package_discovery:Found 283 installed packages in /opt/ros/humble
[3.870s] Level 1:colcon.colcon_core.package_discovery:discover_packages(prefix_path) using defaults
[4.138s] INFO:colcon.colcon_core.executor:Executing jobs using 'parallel' executor
[4.145s] DEBUG:colcon.colcon_parallel_executor.executor.parallel:run_until_complete
[4.145s] DEBUG:colcon.colcon_parallel_executor.executor.parallel:closing loop
[4.146s] DEBUG:colcon.colcon_parallel_executor.executor.parallel:loop closed
[4.146s] DEBUG:colcon.colcon_parallel_executor.executor.parallel:run_until_complete finished with '0'
[4.146s] DEBUG:colcon.colcon_core.event_reactor:joining thread
[4.189s] INFO:colcon.colcon_core.plugin_system:Skipping extension 'colcon_notification.desktop_notification.terminal_notifier': Not used on non-Darwin systems
[4.190s] INFO:colcon.colcon_core.plugin_system:Skipping extension 'colcon_notification.desktop_notification.win32': Not used on non-Windows systems
[4.190s] INFO:colcon.colcon_notification.desktop_notification:Sending desktop notification using 'notify2'
[4.303s] DEBUG:colcon.colcon_core.event_reactor:joined thread
[4.394s] INFO:colcon.colcon_core.plugin_system:Skipping extension 'colcon_core.shell.bat': Not used on non-Windows systems
[4.396s] INFO:colcon.colcon_core.shell:Creating prefix script '/home/adam/r2_motion/install/local_setup.ps1'
[4.414s] INFO:colcon.colcon_core.shell:Creating prefix util module '/home/adam/r2_motion/install/_local_setup_util_ps1.py'
[4.432s] INFO:colcon.colcon_core.shell:Creating prefix chain script '/home/adam/r2_motion/install/setup.ps1'
[4.449s] INFO:colcon.colcon_core.shell:Creating prefix script '/home/adam/r2_motion/install/local_setup.sh'
[4.462s] INFO:colcon.colcon_core.shell:Creating prefix util module '/home/adam/r2_motion/install/_local_setup_util_sh.py'
[4.474s] INFO:colcon.colcon_core.shell:Creating prefix chain script '/home/adam/r2_motion/install/setup.sh'
[4.496s] INFO:colcon.colcon_core.shell:Creating prefix script '/home/adam/r2_motion/install/local_setup.bash'
[4.510s] INFO:colcon.colcon_core.shell:Creating prefix chain script '/home/adam/r2_motion/install/setup.bash'
[4.540s] INFO:colcon.colcon_core.shell:Creating prefix script '/home/adam/r2_motion/install/local_setup.zsh'
[4.550s] INFO:colcon.colcon_core.shell:Creating prefix chain script '/home/adam/r2_motion/install/setup.zsh'
