[5.670s] Invoking command in '/home/adam/r2_motion/src/sensors': PYTHONPATH=/home/adam/r2_motion/build/sensors/prefix_override:/home/adam/r2_motion/install/sensors/lib/python3.10/site-packages:${PYTHONPATH} /usr/bin/python3 -W ignore:setup.py install is deprecated setup.py egg_info --egg-base ../../build/sensors build --build-base /home/adam/r2_motion/build/sensors/build install --record /home/adam/r2_motion/build/sensors/install.log --single-version-externally-managed install_data
[7.387s] running egg_info
[7.391s] writing ../../build/sensors/sensors.egg-info/PKG-INFO
[7.392s] writing dependency_links to ../../build/sensors/sensors.egg-info/dependency_links.txt
[7.393s] writing entry points to ../../build/sensors/sensors.egg-info/entry_points.txt
[7.394s] writing requirements to ../../build/sensors/sensors.egg-info/requires.txt
[7.395s] writing top-level names to ../../build/sensors/sensors.egg-info/top_level.txt
[7.405s] reading manifest file '../../build/sensors/sensors.egg-info/SOURCES.txt'
[7.410s] writing manifest file '../../build/sensors/sensors.egg-info/SOURCES.txt'
[7.412s] running build
[7.413s] running build_py
[7.415s] copying sensors/sensors.py -> /home/adam/r2_motion/build/sensors/build/lib/sensors
[7.417s] running install
[7.418s] running install_lib
[7.420s] copying /home/adam/r2_motion/build/sensors/build/lib/sensors/sensors.py -> /home/adam/r2_motion/install/sensors/lib/python3.10/site-packages/sensors
[7.424s] byte-compiling /home/adam/r2_motion/install/sensors/lib/python3.10/site-packages/sensors/sensors.py to sensors.cpython-310.pyc
[7.430s]   File "/home/adam/r2_motion/install/sensors/lib/python3.10/site-packages/sensors/sensors.py", line 96
[7.430s]     self.current_sensor_data{lt_dist_sensor: rcvd_data[0],
[7.431s]                             ^
[7.431s] SyntaxError: invalid syntax
[7.432s] 
[7.433s] running install_data
[7.433s] running install_egg_info
[7.440s] removing '/home/adam/r2_motion/install/sensors/lib/python3.10/site-packages/sensors-0.0.0-py3.10.egg-info' (and everything under it)
[7.442s] Copying ../../build/sensors/sensors.egg-info to /home/adam/r2_motion/install/sensors/lib/python3.10/site-packages/sensors-0.0.0-py3.10.egg-info
[7.449s] running install_scripts
[7.554s] Installing sensors script to /home/adam/r2_motion/install/sensors/lib/sensors
[7.556s] writing list of installed files to '/home/adam/r2_motion/build/sensors/install.log'
[7.740s] Invoked command in '/home/adam/r2_motion/src/sensors' returned '0': PYTHONPATH=/home/adam/r2_motion/build/sensors/prefix_override:/home/adam/r2_motion/install/sensors/lib/python3.10/site-packages:${PYTHONPATH} /usr/bin/python3 -W ignore:setup.py install is deprecated setup.py egg_info --egg-base ../../build/sensors build --build-base /home/adam/r2_motion/build/sensors/build install --record /home/adam/r2_motion/build/sensors/install.log --single-version-externally-managed install_data
