[7.349s] Invoking command in '/home/adam/r2_motion/src/sensors': PYTHONPATH=/home/adam/r2_motion/build/sensors/prefix_override:/home/adam/r2_motion/install/sensors/lib/python3.10/site-packages:${PYTHONPATH} /usr/bin/python3 -W ignore:setup.py install is deprecated setup.py egg_info --egg-base ../../build/sensors build --build-base /home/adam/r2_motion/build/sensors/build install --record /home/adam/r2_motion/build/sensors/install.log --single-version-externally-managed install_data
[9.626s] running egg_info
[9.628s] writing ../../build/sensors/sensors.egg-info/PKG-INFO
[9.629s] writing dependency_links to ../../build/sensors/sensors.egg-info/dependency_links.txt
[9.629s] writing entry points to ../../build/sensors/sensors.egg-info/entry_points.txt
[9.630s] writing requirements to ../../build/sensors/sensors.egg-info/requires.txt
[9.631s] writing top-level names to ../../build/sensors/sensors.egg-info/top_level.txt
[9.639s] reading manifest file '../../build/sensors/sensors.egg-info/SOURCES.txt'
[9.646s] writing manifest file '../../build/sensors/sensors.egg-info/SOURCES.txt'
[9.649s] running build
[9.650s] running build_py
[9.650s] copying sensors/sensors.py -> /home/adam/r2_motion/build/sensors/build/lib/sensors
[9.652s] running install
[9.654s] running install_lib
[9.659s] copying /home/adam/r2_motion/build/sensors/build/lib/sensors/sensors.py -> /home/adam/r2_motion/install/sensors/lib/python3.10/site-packages/sensors
[9.664s] byte-compiling /home/adam/r2_motion/install/sensors/lib/python3.10/site-packages/sensors/sensors.py to sensors.cpython-310.pyc
[9.671s] running install_data
[9.672s] running install_egg_info
[9.683s] removing '/home/adam/r2_motion/install/sensors/lib/python3.10/site-packages/sensors-0.0.0-py3.10.egg-info' (and everything under it)
[9.686s] Copying ../../build/sensors/sensors.egg-info to /home/adam/r2_motion/install/sensors/lib/python3.10/site-packages/sensors-0.0.0-py3.10.egg-info
[9.696s] running install_scripts
[9.877s] Installing sensors script to /home/adam/r2_motion/install/sensors/lib/sensors
[9.880s] writing list of installed files to '/home/adam/r2_motion/build/sensors/install.log'
[10.034s] Invoked command in '/home/adam/r2_motion/src/sensors' returned '0': PYTHONPATH=/home/adam/r2_motion/build/sensors/prefix_override:/home/adam/r2_motion/install/sensors/lib/python3.10/site-packages:${PYTHONPATH} /usr/bin/python3 -W ignore:setup.py install is deprecated setup.py egg_info --egg-base ../../build/sensors build --build-base /home/adam/r2_motion/build/sensors/build install --record /home/adam/r2_motion/build/sensors/install.log --single-version-externally-managed install_data
