[5.730s] Invoking command in '/home/adam/r2_motion/src/sensors': PYTHONPATH=/home/adam/r2_motion/build/sensors/prefix_override:/home/adam/r2_motion/install/sensors/lib/python3.10/site-packages:${PYTHONPATH} /usr/bin/python3 -W ignore:setup.py install is deprecated setup.py egg_info --egg-base ../../build/sensors build --build-base /home/adam/r2_motion/build/sensors/build install --record /home/adam/r2_motion/build/sensors/install.log --single-version-externally-managed install_data
[7.455s] running egg_info
[7.458s] writing ../../build/sensors/sensors.egg-info/PKG-INFO
[7.459s] writing dependency_links to ../../build/sensors/sensors.egg-info/dependency_links.txt
[7.460s] writing entry points to ../../build/sensors/sensors.egg-info/entry_points.txt
[7.461s] writing requirements to ../../build/sensors/sensors.egg-info/requires.txt
[7.462s] writing top-level names to ../../build/sensors/sensors.egg-info/top_level.txt
[7.472s] reading manifest file '../../build/sensors/sensors.egg-info/SOURCES.txt'
[7.477s] writing manifest file '../../build/sensors/sensors.egg-info/SOURCES.txt'
[7.478s] running build
[7.479s] running build_py
[7.479s] copying sensors/sensors.py -> /home/adam/r2_motion/build/sensors/build/lib/sensors
[7.481s] running install
[7.483s] running install_lib
[7.487s] copying /home/adam/r2_motion/build/sensors/build/lib/sensors/sensors.py -> /home/adam/r2_motion/install/sensors/lib/python3.10/site-packages/sensors
[7.491s] byte-compiling /home/adam/r2_motion/install/sensors/lib/python3.10/site-packages/sensors/sensors.py to sensors.cpython-310.pyc
[7.499s] running install_data
[7.499s] running install_egg_info
[7.508s] removing '/home/adam/r2_motion/install/sensors/lib/python3.10/site-packages/sensors-0.0.0-py3.10.egg-info' (and everything under it)
[7.510s] Copying ../../build/sensors/sensors.egg-info to /home/adam/r2_motion/install/sensors/lib/python3.10/site-packages/sensors-0.0.0-py3.10.egg-info
[7.518s] running install_scripts
[7.621s] Installing sensors script to /home/adam/r2_motion/install/sensors/lib/sensors
[7.623s] writing list of installed files to '/home/adam/r2_motion/build/sensors/install.log'
[7.813s] Invoked command in '/home/adam/r2_motion/src/sensors' returned '0': PYTHONPATH=/home/adam/r2_motion/build/sensors/prefix_override:/home/adam/r2_motion/install/sensors/lib/python3.10/site-packages:${PYTHONPATH} /usr/bin/python3 -W ignore:setup.py install is deprecated setup.py egg_info --egg-base ../../build/sensors build --build-base /home/adam/r2_motion/build/sensors/build install --record /home/adam/r2_motion/build/sensors/install.log --single-version-externally-managed install_data
