[5.757s] Invoking command in '/home/adam/r2_motion/src/sensors': PYTHONPATH=/home/adam/r2_motion/build/sensors/prefix_override:/home/adam/r2_motion/install/sensors/lib/python3.10/site-packages:${PYTHONPATH} /usr/bin/python3 -W ignore:setup.py install is deprecated setup.py egg_info --egg-base ../../build/sensors build --build-base /home/adam/r2_motion/build/sensors/build install --record /home/adam/r2_motion/build/sensors/install.log --single-version-externally-managed install_data
[7.478s] running egg_info
[7.482s] writing ../../build/sensors/sensors.egg-info/PKG-INFO
[7.483s] writing dependency_links to ../../build/sensors/sensors.egg-info/dependency_links.txt
[7.484s] writing entry points to ../../build/sensors/sensors.egg-info/entry_points.txt
[7.485s] writing requirements to ../../build/sensors/sensors.egg-info/requires.txt
[7.486s] writing top-level names to ../../build/sensors/sensors.egg-info/top_level.txt
[7.496s] reading manifest file '../../build/sensors/sensors.egg-info/SOURCES.txt'
[7.501s] writing manifest file '../../build/sensors/sensors.egg-info/SOURCES.txt'
[7.502s] running build
[7.503s] running build_py
[7.505s] copying sensors/sensors.py -> /home/adam/r2_motion/build/sensors/build/lib/sensors
[7.507s] running install
[7.508s] running install_lib
[7.510s] copying /home/adam/r2_motion/build/sensors/build/lib/sensors/sensors.py -> /home/adam/r2_motion/install/sensors/lib/python3.10/site-packages/sensors
[7.514s] byte-compiling /home/adam/r2_motion/install/sensors/lib/python3.10/site-packages/sensors/sensors.py to sensors.cpython-310.pyc
[7.522s] running install_data
[7.523s] running install_egg_info
[7.532s] removing '/home/adam/r2_motion/install/sensors/lib/python3.10/site-packages/sensors-0.0.0-py3.10.egg-info' (and everything under it)
[7.534s] Copying ../../build/sensors/sensors.egg-info to /home/adam/r2_motion/install/sensors/lib/python3.10/site-packages/sensors-0.0.0-py3.10.egg-info
[7.541s] running install_scripts
[7.646s] Installing sensors script to /home/adam/r2_motion/install/sensors/lib/sensors
[7.648s] writing list of installed files to '/home/adam/r2_motion/build/sensors/install.log'
[7.833s] Invoked command in '/home/adam/r2_motion/src/sensors' returned '0': PYTHONPATH=/home/adam/r2_motion/build/sensors/prefix_override:/home/adam/r2_motion/install/sensors/lib/python3.10/site-packages:${PYTHONPATH} /usr/bin/python3 -W ignore:setup.py install is deprecated setup.py egg_info --egg-base ../../build/sensors build --build-base /home/adam/r2_motion/build/sensors/build install --record /home/adam/r2_motion/build/sensors/install.log --single-version-externally-managed install_data
