[3.123s] DEBUG:colcon:Command line arguments: ['/home/adam/.local/bin/colcon', 'build']
[3.123s] DEBUG:colcon:Parsed command line arguments: Namespace(log_base=None, log_level=None, verb_name='build', build_base='build', install_base='install', merge_install=False, symlink_install=False, test_result_base=None, continue_on_error=False, executor='parallel', parallel_workers=4, event_handlers=None, ignore_user_meta=False, metas=['./colcon.meta'], base_paths=['.'], packages_ignore=None, packages_ignore_regex=None, paths=None, packages_up_to=None, packages_up_to_regex=None, packages_above=None, packages_above_and_dependencies=None, packages_above_depth=None, packages_select_by_dep=None, packages_skip_by_dep=None, packages_skip_up_to=None, packages_select_build_failed=False, packages_skip_build_finished=False, packages_select_test_failures=False, packages_skip_test_passed=False, packages_select=None, packages_skip=None, packages_select_regex=None, packages_skip_regex=None, packages_start=None, packages_end=None, allow_overriding=[], cmake_args=None, cmake_target=None, cmake_target_skip_unavailable=False, cmake_clean_cache=False, cmake_clean_first=False, cmake_force_configure=False, gradle_args=None, gradle_task=None, ament_cmake_args=None, catkin_cmake_args=None, catkin_skip_building_tests=False, mixin_files=None, mixin=None, verb_parser=<colcon_mixin.mixin.mixin_argument.MixinArgumentDecorator object at 0xffff8c4eac50>, verb_extension=<colcon_core.verb.build.BuildVerb object at 0xffff8c4ea2c0>, main=<bound method BuildVerb.main of <colcon_core.verb.build.BuildVerb object at 0xffff8c4ea2c0>>, mixin_verb=('build',))
[5.322s] Level 1:colcon.colcon_core.package_discovery:discover_packages(colcon_meta) check parameters
[5.323s] Level 1:colcon.colcon_core.package_discovery:discover_packages(recursive) check parameters
[5.323s] Level 1:colcon.colcon_core.package_discovery:discover_packages(ignore) check parameters
[5.323s] Level 1:colcon.colcon_core.package_discovery:discover_packages(path) check parameters
[5.324s] Level 1:colcon.colcon_core.package_discovery:discover_packages(colcon_meta) discover
[5.324s] Level 1:colcon.colcon_core.package_discovery:discover_packages(recursive) discover
[5.324s] INFO:colcon.colcon_core.package_discovery:Crawling recursively for packages in '/home/adam/r2_motion'
[5.325s] Level 1:colcon.colcon_core.package_identification:_identify(.) by extensions ['ignore', 'ignore_ament_install']
[5.325s] Level 1:colcon.colcon_core.package_identification:_identify(.) by extension 'ignore'
[5.326s] Level 1:colcon.colcon_core.package_identification:_identify(.) by extension 'ignore_ament_install'
[5.326s] Level 1:colcon.colcon_core.package_identification:_identify(.) by extensions ['colcon_pkg']
[5.327s] Level 1:colcon.colcon_core.package_identification:_identify(.) by extension 'colcon_pkg'
[5.327s] Level 1:colcon.colcon_core.package_identification:_identify(.) by extensions ['colcon_meta']
[5.327s] Level 1:colcon.colcon_core.package_identification:_identify(.) by extension 'colcon_meta'
[5.327s] Level 1:colcon.colcon_core.package_identification:_identify(.) by extensions ['ros']
[5.328s] Level 1:colcon.colcon_core.package_identification:_identify(.) by extension 'ros'
[5.448s] Level 1:colcon.colcon_core.package_identification:_identify(.) by extensions ['cmake', 'gradle', 'python']
[5.448s] Level 1:colcon.colcon_core.package_identification:_identify(.) by extension 'cmake'
[5.448s] Level 1:colcon.colcon_core.package_identification:_identify(.) by extension 'gradle'
[5.448s] Level 1:colcon.colcon_core.package_identification:_identify(.) by extension 'python'
[5.449s] Level 1:colcon.colcon_core.package_identification:_identify(.) by extensions ['python_setup_py']
[5.449s] Level 1:colcon.colcon_core.package_identification:_identify(.) by extension 'python_setup_py'
[5.449s] Level 1:colcon.colcon_core.package_identification:_identify(build) by extensions ['ignore', 'ignore_ament_install']
[5.450s] Level 1:colcon.colcon_core.package_identification:_identify(build) by extension 'ignore'
[5.450s] Level 1:colcon.colcon_core.package_identification:_identify(build) ignored
[5.451s] Level 1:colcon.colcon_core.package_identification:_identify(install) by extensions ['ignore', 'ignore_ament_install']
[5.451s] Level 1:colcon.colcon_core.package_identification:_identify(install) by extension 'ignore'
[5.452s] Level 1:colcon.colcon_core.package_identification:_identify(install) ignored
[5.452s] Level 1:colcon.colcon_core.package_identification:_identify(log) by extensions ['ignore', 'ignore_ament_install']
[5.452s] Level 1:colcon.colcon_core.package_identification:_identify(log) by extension 'ignore'
[5.453s] Level 1:colcon.colcon_core.package_identification:_identify(log) ignored
[5.453s] Level 1:colcon.colcon_core.package_identification:_identify(src) by extensions ['ignore', 'ignore_ament_install']
[5.453s] Level 1:colcon.colcon_core.package_identification:_identify(src) by extension 'ignore'
[5.454s] Level 1:colcon.colcon_core.package_identification:_identify(src) by extension 'ignore_ament_install'
[5.454s] Level 1:colcon.colcon_core.package_identification:_identify(src) by extensions ['colcon_pkg']
[5.454s] Level 1:colcon.colcon_core.package_identification:_identify(src) by extension 'colcon_pkg'
[5.454s] Level 1:colcon.colcon_core.package_identification:_identify(src) by extensions ['colcon_meta']
[5.454s] Level 1:colcon.colcon_core.package_identification:_identify(src) by extension 'colcon_meta'
[5.455s] Level 1:colcon.colcon_core.package_identification:_identify(src) by extensions ['ros']
[5.455s] Level 1:colcon.colcon_core.package_identification:_identify(src) by extension 'ros'
[5.455s] Level 1:colcon.colcon_core.package_identification:_identify(src) by extensions ['cmake', 'gradle', 'python']
[5.455s] Level 1:colcon.colcon_core.package_identification:_identify(src) by extension 'cmake'
[5.456s] Level 1:colcon.colcon_core.package_identification:_identify(src) by extension 'gradle'
[5.456s] Level 1:colcon.colcon_core.package_identification:_identify(src) by extension 'python'
[5.456s] Level 1:colcon.colcon_core.package_identification:_identify(src) by extensions ['python_setup_py']
[5.456s] Level 1:colcon.colcon_core.package_identification:_identify(src) by extension 'python_setup_py'
[5.463s] Level 1:colcon.colcon_core.package_identification:_identify(src/drivetrain) by extensions ['ignore', 'ignore_ament_install']
[5.463s] Level 1:colcon.colcon_core.package_identification:_identify(src/drivetrain) by extension 'ignore'
[5.464s] Level 1:colcon.colcon_core.package_identification:_identify(src/drivetrain) by extension 'ignore_ament_install'
[5.464s] Level 1:colcon.colcon_core.package_identification:_identify(src/drivetrain) by extensions ['colcon_pkg']
[5.464s] Level 1:colcon.colcon_core.package_identification:_identify(src/drivetrain) by extension 'colcon_pkg'
[5.464s] Level 1:colcon.colcon_core.package_identification:_identify(src/drivetrain) by extensions ['colcon_meta']
[5.465s] Level 1:colcon.colcon_core.package_identification:_identify(src/drivetrain) by extension 'colcon_meta'
[5.465s] Level 1:colcon.colcon_core.package_identification:_identify(src/drivetrain) by extensions ['ros']
[5.465s] Level 1:colcon.colcon_core.package_identification:_identify(src/drivetrain) by extension 'ros'
[5.487s] DEBUG:colcon.colcon_core.package_identification:Package 'src/drivetrain' with type 'ros.ament_python' and name 'drivetrain'
[5.488s] Level 1:colcon.colcon_core.package_identification:_identify(src/sensors) by extensions ['ignore', 'ignore_ament_install']
[5.489s] Level 1:colcon.colcon_core.package_identification:_identify(src/sensors) by extension 'ignore'
[5.489s] Level 1:colcon.colcon_core.package_identification:_identify(src/sensors) by extension 'ignore_ament_install'
[5.490s] Level 1:colcon.colcon_core.package_identification:_identify(src/sensors) by extensions ['colcon_pkg']
[5.490s] Level 1:colcon.colcon_core.package_identification:_identify(src/sensors) by extension 'colcon_pkg'
[5.491s] Level 1:colcon.colcon_core.package_identification:_identify(src/sensors) by extensions ['colcon_meta']
[5.491s] Level 1:colcon.colcon_core.package_identification:_identify(src/sensors) by extension 'colcon_meta'
[5.491s] Level 1:colcon.colcon_core.package_identification:_identify(src/sensors) by extensions ['ros']
[5.491s] Level 1:colcon.colcon_core.package_identification:_identify(src/sensors) by extension 'ros'
[5.496s] DEBUG:colcon.colcon_core.package_identification:Package 'src/sensors' with type 'ros.ament_python' and name 'sensors'
[5.497s] Level 1:colcon.colcon_core.package_discovery:discover_packages(recursive) using defaults
[5.497s] Level 1:colcon.colcon_core.package_discovery:discover_packages(ignore) discover
[5.497s] Level 1:colcon.colcon_core.package_discovery:discover_packages(ignore) using defaults
[5.497s] Level 1:colcon.colcon_core.package_discovery:discover_packages(path) discover
[5.498s] Level 1:colcon.colcon_core.package_discovery:discover_packages(path) using defaults
[5.776s] Level 1:colcon.colcon_core.package_discovery:discover_packages(prefix_path) check parameters
[5.776s] Level 1:colcon.colcon_core.package_discovery:discover_packages(prefix_path) discover
[5.803s] DEBUG:colcon.colcon_installed_package_information.package_discovery:Found 5 installed packages in /home/adam/scout/install
[5.808s] DEBUG:colcon.colcon_installed_package_information.package_discovery:Found 6 installed packages in /home/adam/fastdds_testing/fastdds_python_ws/install
[5.820s] DEBUG:colcon.colcon_installed_package_information.package_discovery:Found 283 installed packages in /opt/ros/humble
[5.828s] Level 1:colcon.colcon_core.package_discovery:discover_packages(prefix_path) using defaults
[6.077s] Level 5:colcon.colcon_core.verb:set package 'drivetrain' build argument 'cmake_args' from command line to 'None'
[6.077s] Level 5:colcon.colcon_core.verb:set package 'drivetrain' build argument 'cmake_target' from command line to 'None'
[6.078s] Level 5:colcon.colcon_core.verb:set package 'drivetrain' build argument 'cmake_target_skip_unavailable' from command line to 'False'
[6.078s] Level 5:colcon.colcon_core.verb:set package 'drivetrain' build argument 'cmake_clean_cache' from command line to 'False'
[6.078s] Level 5:colcon.colcon_core.verb:set package 'drivetrain' build argument 'cmake_clean_first' from command line to 'False'
[6.078s] Level 5:colcon.colcon_core.verb:set package 'drivetrain' build argument 'cmake_force_configure' from command line to 'False'
[6.078s] Level 5:colcon.colcon_core.verb:set package 'drivetrain' build argument 'gradle_args' from command line to 'None'
[6.078s] Level 5:colcon.colcon_core.verb:set package 'drivetrain' build argument 'gradle_task' from command line to 'None'
[6.078s] Level 5:colcon.colcon_core.verb:set package 'drivetrain' build argument 'ament_cmake_args' from command line to 'None'
[6.078s] Level 5:colcon.colcon_core.verb:set package 'drivetrain' build argument 'catkin_cmake_args' from command line to 'None'
[6.079s] Level 5:colcon.colcon_core.verb:set package 'drivetrain' build argument 'catkin_skip_building_tests' from command line to 'False'
[6.079s] DEBUG:colcon.colcon_core.verb:Building package 'drivetrain' with the following arguments: {'ament_cmake_args': None, 'build_base': '/home/adam/r2_motion/build/drivetrain', 'catkin_cmake_args': None, 'catkin_skip_building_tests': False, 'cmake_args': None, 'cmake_clean_cache': False, 'cmake_clean_first': False, 'cmake_force_configure': False, 'cmake_target': None, 'cmake_target_skip_unavailable': False, 'gradle_args': None, 'gradle_task': None, 'install_base': '/home/adam/r2_motion/install/drivetrain', 'merge_install': False, 'path': '/home/adam/r2_motion/src/drivetrain', 'symlink_install': False, 'test_result_base': None}
[6.081s] Level 5:colcon.colcon_core.verb:set package 'sensors' build argument 'cmake_args' from command line to 'None'
[6.081s] Level 5:colcon.colcon_core.verb:set package 'sensors' build argument 'cmake_target' from command line to 'None'
[6.081s] Level 5:colcon.colcon_core.verb:set package 'sensors' build argument 'cmake_target_skip_unavailable' from command line to 'False'
[6.081s] Level 5:colcon.colcon_core.verb:set package 'sensors' build argument 'cmake_clean_cache' from command line to 'False'
[6.081s] Level 5:colcon.colcon_core.verb:set package 'sensors' build argument 'cmake_clean_first' from command line to 'False'
[6.081s] Level 5:colcon.colcon_core.verb:set package 'sensors' build argument 'cmake_force_configure' from command line to 'False'
[6.082s] Level 5:colcon.colcon_core.verb:set package 'sensors' build argument 'gradle_args' from command line to 'None'
[6.082s] Level 5:colcon.colcon_core.verb:set package 'sensors' build argument 'gradle_task' from command line to 'None'
[6.082s] Level 5:colcon.colcon_core.verb:set package 'sensors' build argument 'ament_cmake_args' from command line to 'None'
[6.082s] Level 5:colcon.colcon_core.verb:set package 'sensors' build argument 'catkin_cmake_args' from command line to 'None'
[6.082s] Level 5:colcon.colcon_core.verb:set package 'sensors' build argument 'catkin_skip_building_tests' from command line to 'False'
[6.082s] DEBUG:colcon.colcon_core.verb:Building package 'sensors' with the following arguments: {'ament_cmake_args': None, 'build_base': '/home/adam/r2_motion/build/sensors', 'catkin_cmake_args': None, 'catkin_skip_building_tests': False, 'cmake_args': None, 'cmake_clean_cache': False, 'cmake_clean_first': False, 'cmake_force_configure': False, 'cmake_target': None, 'cmake_target_skip_unavailable': False, 'gradle_args': None, 'gradle_task': None, 'install_base': '/home/adam/r2_motion/install/sensors', 'merge_install': False, 'path': '/home/adam/r2_motion/src/sensors', 'symlink_install': False, 'test_result_base': None}
[6.083s] INFO:colcon.colcon_core.executor:Executing jobs using 'parallel' executor
[6.086s] DEBUG:colcon.colcon_parallel_executor.executor.parallel:run_until_complete
[6.088s] INFO:colcon.colcon_ros.task.ament_python.build:Building ROS package in '/home/adam/r2_motion/src/drivetrain' with build type 'ament_python'
[6.088s] Level 1:colcon.colcon_core.shell:create_environment_hook('drivetrain', 'ament_prefix_path')
[6.138s] INFO:colcon.colcon_core.plugin_system:Skipping extension 'colcon_core.shell.bat': Not used on non-Windows systems
[6.139s] INFO:colcon.colcon_core.shell:Creating environment hook '/home/adam/r2_motion/install/drivetrain/share/drivetrain/hook/ament_prefix_path.ps1'
[6.154s] INFO:colcon.colcon_core.shell:Creating environment descriptor '/home/adam/r2_motion/install/drivetrain/share/drivetrain/hook/ament_prefix_path.dsv'
[6.157s] INFO:colcon.colcon_core.shell:Creating environment hook '/home/adam/r2_motion/install/drivetrain/share/drivetrain/hook/ament_prefix_path.sh'
[6.163s] INFO:colcon.colcon_core.shell:Skip shell extension 'powershell' for command environment: Not usable outside of PowerShell
[6.164s] DEBUG:colcon.colcon_core.shell:Skip shell extension 'dsv' for command environment
[6.203s] INFO:colcon.colcon_ros.task.ament_python.build:Building ROS package in '/home/adam/r2_motion/src/sensors' with build type 'ament_python'
[6.203s] Level 1:colcon.colcon_core.shell:create_environment_hook('sensors', 'ament_prefix_path')
[6.205s] INFO:colcon.colcon_core.shell:Creating environment hook '/home/adam/r2_motion/install/sensors/share/sensors/hook/ament_prefix_path.ps1'
[6.216s] INFO:colcon.colcon_core.shell:Creating environment descriptor '/home/adam/r2_motion/install/sensors/share/sensors/hook/ament_prefix_path.dsv'
[6.218s] INFO:colcon.colcon_core.shell:Creating environment hook '/home/adam/r2_motion/install/sensors/share/sensors/hook/ament_prefix_path.sh'
[6.224s] INFO:colcon.colcon_core.shell:Skip shell extension 'powershell' for command environment: Not usable outside of PowerShell
[6.226s] DEBUG:colcon.colcon_core.shell:Skip shell extension 'dsv' for command environment
[7.970s] INFO:colcon.colcon_core.task.python.build:Building Python package in '/home/adam/r2_motion/src/drivetrain'
[7.971s] INFO:colcon.colcon_core.shell:Skip shell extension 'powershell' for command environment: Not usable outside of PowerShell
[7.972s] DEBUG:colcon.colcon_core.shell:Skip shell extension 'dsv' for command environment
[9.694s] INFO:colcon.colcon_core.task.python.build:Building Python package in '/home/adam/r2_motion/src/sensors'
[9.695s] INFO:colcon.colcon_core.shell:Skip shell extension 'powershell' for command environment: Not usable outside of PowerShell
[9.696s] DEBUG:colcon.colcon_core.shell:Skip shell extension 'dsv' for command environment
[12.671s] DEBUG:colcon.colcon_core.event_handler.log_command:Invoking command in '/home/adam/r2_motion/src/drivetrain': PYTHONPATH=/home/adam/r2_motion/build/drivetrain/prefix_override:/home/adam/r2_motion/install/drivetrain/lib/python3.10/site-packages:${PYTHONPATH} /usr/bin/python3 -W ignore:setup.py install is deprecated setup.py egg_info --egg-base ../../build/drivetrain build --build-base /home/adam/r2_motion/build/drivetrain/build install --record /home/adam/r2_motion/build/drivetrain/install.log --single-version-externally-managed install_data
[12.704s] DEBUG:colcon.colcon_core.event_handler.log_command:Invoking command in '/home/adam/r2_motion/src/sensors': PYTHONPATH=/home/adam/r2_motion/build/sensors/prefix_override:/home/adam/r2_motion/install/sensors/lib/python3.10/site-packages:${PYTHONPATH} /usr/bin/python3 -W ignore:setup.py install is deprecated setup.py egg_info --egg-base ../../build/sensors build --build-base /home/adam/r2_motion/build/sensors/build install --record /home/adam/r2_motion/build/sensors/install.log --single-version-externally-managed install_data
[14.806s] DEBUG:colcon.colcon_core.event_handler.log_command:Invoked command in '/home/adam/r2_motion/src/drivetrain' returned '0': PYTHONPATH=/home/adam/r2_motion/build/drivetrain/prefix_override:/home/adam/r2_motion/install/drivetrain/lib/python3.10/site-packages:${PYTHONPATH} /usr/bin/python3 -W ignore:setup.py install is deprecated setup.py egg_info --egg-base ../../build/drivetrain build --build-base /home/adam/r2_motion/build/drivetrain/build install --record /home/adam/r2_motion/build/drivetrain/install.log --single-version-externally-managed install_data
[14.889s] Level 1:colcon.colcon_core.environment:checking '/home/adam/r2_motion/install/drivetrain' for CMake module files
[14.893s] Level 1:colcon.colcon_core.environment:checking '/home/adam/r2_motion/install/drivetrain' for CMake config files
[14.900s] Level 1:colcon.colcon_core.environment:checking '/home/adam/r2_motion/install/drivetrain/lib'
[14.901s] Level 1:colcon.colcon_core.environment:checking '/home/adam/r2_motion/install/drivetrain/bin'
[14.901s] Level 1:colcon.colcon_core.environment:checking '/home/adam/r2_motion/install/drivetrain/lib/pkgconfig/drivetrain.pc'
[14.902s] Level 1:colcon.colcon_core.environment:checking '/home/adam/r2_motion/install/drivetrain/lib/python3.10/site-packages'
[14.903s] Level 1:colcon.colcon_core.shell:create_environment_hook('drivetrain', 'pythonpath')
[14.904s] INFO:colcon.colcon_core.shell:Creating environment hook '/home/adam/r2_motion/install/drivetrain/share/drivetrain/hook/pythonpath.ps1'
[14.906s] INFO:colcon.colcon_core.shell:Creating environment descriptor '/home/adam/r2_motion/install/drivetrain/share/drivetrain/hook/pythonpath.dsv'
[14.908s] INFO:colcon.colcon_core.shell:Creating environment hook '/home/adam/r2_motion/install/drivetrain/share/drivetrain/hook/pythonpath.sh'
[14.911s] Level 1:colcon.colcon_core.environment:checking '/home/adam/r2_motion/install/drivetrain/bin'
[14.911s] Level 1:colcon.colcon_core.environment:create_environment_scripts_only(drivetrain)
[14.913s] INFO:colcon.colcon_core.shell:Creating package script '/home/adam/r2_motion/install/drivetrain/share/drivetrain/package.ps1'
[14.917s] INFO:colcon.colcon_core.shell:Creating package descriptor '/home/adam/r2_motion/install/drivetrain/share/drivetrain/package.dsv'
[14.920s] INFO:colcon.colcon_core.shell:Creating package script '/home/adam/r2_motion/install/drivetrain/share/drivetrain/package.sh'
[14.925s] INFO:colcon.colcon_core.shell:Creating package script '/home/adam/r2_motion/install/drivetrain/share/drivetrain/package.bash'
[14.938s] INFO:colcon.colcon_core.shell:Creating package script '/home/adam/r2_motion/install/drivetrain/share/drivetrain/package.zsh'
[14.949s] Level 1:colcon.colcon_core.environment:create_file_with_runtime_dependencies(/home/adam/r2_motion/install/drivetrain/share/colcon-core/packages/drivetrain)
[14.952s] Level 1:colcon.colcon_core.environment:checking '/home/adam/r2_motion/install/sensors' for CMake module files
[14.958s] DEBUG:colcon.colcon_core.event_handler.log_command:Invoked command in '/home/adam/r2_motion/src/sensors' returned '0': PYTHONPATH=/home/adam/r2_motion/build/sensors/prefix_override:/home/adam/r2_motion/install/sensors/lib/python3.10/site-packages:${PYTHONPATH} /usr/bin/python3 -W ignore:setup.py install is deprecated setup.py egg_info --egg-base ../../build/sensors build --build-base /home/adam/r2_motion/build/sensors/build install --record /home/adam/r2_motion/build/sensors/install.log --single-version-externally-managed install_data
[14.960s] Level 1:colcon.colcon_core.environment:checking '/home/adam/r2_motion/install/sensors' for CMake config files
[14.965s] Level 1:colcon.colcon_core.environment:checking '/home/adam/r2_motion/install/sensors/lib'
[14.966s] Level 1:colcon.colcon_core.environment:checking '/home/adam/r2_motion/install/sensors/bin'
[14.966s] Level 1:colcon.colcon_core.environment:checking '/home/adam/r2_motion/install/sensors/lib/pkgconfig/sensors.pc'
[14.967s] Level 1:colcon.colcon_core.environment:checking '/home/adam/r2_motion/install/sensors/lib/python3.10/site-packages'
[14.968s] Level 1:colcon.colcon_core.shell:create_environment_hook('sensors', 'pythonpath')
[14.969s] INFO:colcon.colcon_core.shell:Creating environment hook '/home/adam/r2_motion/install/sensors/share/sensors/hook/pythonpath.ps1'
[14.971s] INFO:colcon.colcon_core.shell:Creating environment descriptor '/home/adam/r2_motion/install/sensors/share/sensors/hook/pythonpath.dsv'
[14.973s] INFO:colcon.colcon_core.shell:Creating environment hook '/home/adam/r2_motion/install/sensors/share/sensors/hook/pythonpath.sh'
[14.976s] Level 1:colcon.colcon_core.environment:checking '/home/adam/r2_motion/install/sensors/bin'
[14.976s] Level 1:colcon.colcon_core.environment:create_environment_scripts_only(sensors)
[14.978s] INFO:colcon.colcon_core.shell:Creating package script '/home/adam/r2_motion/install/sensors/share/sensors/package.ps1'
[14.980s] INFO:colcon.colcon_core.shell:Creating package descriptor '/home/adam/r2_motion/install/sensors/share/sensors/package.dsv'
[14.982s] INFO:colcon.colcon_core.shell:Creating package script '/home/adam/r2_motion/install/sensors/share/sensors/package.sh'
[14.985s] INFO:colcon.colcon_core.shell:Creating package script '/home/adam/r2_motion/install/sensors/share/sensors/package.bash'
[14.986s] INFO:colcon.colcon_core.shell:Creating package script '/home/adam/r2_motion/install/sensors/share/sensors/package.zsh'
[14.989s] Level 1:colcon.colcon_core.environment:create_file_with_runtime_dependencies(/home/adam/r2_motion/install/sensors/share/colcon-core/packages/sensors)
[14.990s] DEBUG:colcon.colcon_parallel_executor.executor.parallel:closing loop
[14.991s] DEBUG:colcon.colcon_parallel_executor.executor.parallel:loop closed
[14.992s] DEBUG:colcon.colcon_parallel_executor.executor.parallel:run_until_complete finished with '0'
[14.992s] DEBUG:colcon.colcon_core.event_reactor:joining thread
[15.024s] INFO:colcon.colcon_core.plugin_system:Skipping extension 'colcon_notification.desktop_notification.terminal_notifier': Not used on non-Darwin systems
[15.024s] INFO:colcon.colcon_core.plugin_system:Skipping extension 'colcon_notification.desktop_notification.win32': Not used on non-Windows systems
[15.025s] INFO:colcon.colcon_notification.desktop_notification:Sending desktop notification using 'notify2'
[15.108s] DEBUG:colcon.colcon_core.event_reactor:joined thread
[15.110s] INFO:colcon.colcon_core.shell:Creating prefix script '/home/adam/r2_motion/install/local_setup.ps1'
[15.115s] INFO:colcon.colcon_core.shell:Creating prefix util module '/home/adam/r2_motion/install/_local_setup_util_ps1.py'
[15.141s] INFO:colcon.colcon_core.shell:Creating prefix chain script '/home/adam/r2_motion/install/setup.ps1'
[15.157s] INFO:colcon.colcon_core.shell:Creating prefix script '/home/adam/r2_motion/install/local_setup.sh'
[15.166s] INFO:colcon.colcon_core.shell:Creating prefix util module '/home/adam/r2_motion/install/_local_setup_util_sh.py'
[15.170s] INFO:colcon.colcon_core.shell:Creating prefix chain script '/home/adam/r2_motion/install/setup.sh'
[15.181s] INFO:colcon.colcon_core.shell:Creating prefix script '/home/adam/r2_motion/install/local_setup.bash'
[15.187s] INFO:colcon.colcon_core.shell:Creating prefix chain script '/home/adam/r2_motion/install/setup.bash'
[15.196s] INFO:colcon.colcon_core.shell:Creating prefix script '/home/adam/r2_motion/install/local_setup.zsh'
[15.202s] INFO:colcon.colcon_core.shell:Creating prefix chain script '/home/adam/r2_motion/install/setup.zsh'
