running egg_info
writing ../../build/gps/gps.egg-info/PKG-INFO
writing dependency_links to ../../build/gps/gps.egg-info/dependency_links.txt
writing entry points to ../../build/gps/gps.egg-info/entry_points.txt
writing requirements to ../../build/gps/gps.egg-info/requires.txt
writing top-level names to ../../build/gps/gps.egg-info/top_level.txt
reading manifest file '../../build/gps/gps.egg-info/SOURCES.txt'
writing manifest file '../../build/gps/gps.egg-info/SOURCES.txt'
running build
running build_py
copying gps/gps.py -> /home/adam/r2_motion/build/gps/build/lib/gps
running install
running install_lib
copying /home/adam/r2_motion/build/gps/build/lib/gps/gps.py -> /home/adam/r2_motion/install/gps/lib/python3.10/site-packages/gps
byte-compiling /home/adam/r2_motion/install/gps/lib/python3.10/site-packages/gps/gps.py to gps.cpython-310.pyc
running install_data
running install_egg_info
removing '/home/adam/r2_motion/install/gps/lib/python3.10/site-packages/gps-0.0.0-py3.10.egg-info' (and everything under it)
Copying ../../build/gps/gps.egg-info to /home/adam/r2_motion/install/gps/lib/python3.10/site-packages/gps-0.0.0-py3.10.egg-info
running install_scripts
Installing gps script to /home/adam/r2_motion/install/gps/lib/gps
writing list of installed files to '/home/adam/r2_motion/build/gps/install.log'
