[3.610s] Invoking command in '/home/adam/r2_motion/src/drivetrain': PYTHONPATH=/home/adam/r2_motion/build/drivetrain/prefix_override:/home/adam/r2_motion/install/drivetrain/lib/python3.10/site-packages:${PYTHONPATH} /usr/bin/python3 -W ignore:setup.py install is deprecated setup.py egg_info --egg-base ../../build/drivetrain build --build-base /home/adam/r2_motion/build/drivetrain/build install --record /home/adam/r2_motion/build/drivetrain/install.log --single-version-externally-managed install_data
[5.103s] running egg_info
[5.106s] writing ../../build/drivetrain/drivetrain.egg-info/PKG-INFO
[5.107s] writing dependency_links to ../../build/drivetrain/drivetrain.egg-info/dependency_links.txt
[5.108s] writing entry points to ../../build/drivetrain/drivetrain.egg-info/entry_points.txt
[5.109s] writing requirements to ../../build/drivetrain/drivetrain.egg-info/requires.txt
[5.110s] writing top-level names to ../../build/drivetrain/drivetrain.egg-info/top_level.txt
[5.119s] reading manifest file '../../build/drivetrain/drivetrain.egg-info/SOURCES.txt'
[5.121s] adding license file 'LICENSE'
[5.123s] writing manifest file '../../build/drivetrain/drivetrain.egg-info/SOURCES.txt'
[5.124s] running build
[5.125s] running build_py
[5.126s] running install
[5.128s] running install_lib
[5.135s] running install_data
[5.136s] running install_egg_info
[5.144s] removing '/home/adam/r2_motion/install/drivetrain/lib/python3.10/site-packages/drivetrain-0.0.0-py3.10.egg-info' (and everything under it)
[5.146s] Copying ../../build/drivetrain/drivetrain.egg-info to /home/adam/r2_motion/install/drivetrain/lib/python3.10/site-packages/drivetrain-0.0.0-py3.10.egg-info
[5.152s] running install_scripts
[5.245s] Installing drivetrain script to /home/adam/r2_motion/install/drivetrain/lib/drivetrain
[5.246s] writing list of installed files to '/home/adam/r2_motion/build/drivetrain/install.log'
[5.368s] Invoked command in '/home/adam/r2_motion/src/drivetrain' returned '0': PYTHONPATH=/home/adam/r2_motion/build/drivetrain/prefix_override:/home/adam/r2_motion/install/drivetrain/lib/python3.10/site-packages:${PYTHONPATH} /usr/bin/python3 -W ignore:setup.py install is deprecated setup.py egg_info --egg-base ../../build/drivetrain build --build-base /home/adam/r2_motion/build/drivetrain/build install --record /home/adam/r2_motion/build/drivetrain/install.log --single-version-externally-managed install_data
