[3.747s] Invoking command in '/home/adam/r2_motion/src/bno055': PYTHONPATH=/home/adam/r2_motion/build/bno055/prefix_override:/home/adam/r2_motion/install/bno055/lib/python3.10/site-packages:${PYTHONPATH} /usr/bin/python3 -W ignore:setup.py install is deprecated setup.py egg_info --egg-base ../../build/bno055 build --build-base /home/adam/r2_motion/build/bno055/build install --record /home/adam/r2_motion/build/bno055/install.log --single-version-externally-managed install_data
[5.296s] running egg_info
[5.299s] writing ../../build/bno055/bno055.egg-info/PKG-INFO
[5.301s] writing dependency_links to ../../build/bno055/bno055.egg-info/dependency_links.txt
[5.301s] writing entry points to ../../build/bno055/bno055.egg-info/entry_points.txt
[5.302s] writing requirements to ../../build/bno055/bno055.egg-info/requires.txt
[5.303s] writing top-level names to ../../build/bno055/bno055.egg-info/top_level.txt
[5.314s] reading manifest file '../../build/bno055/bno055.egg-info/SOURCES.txt'
[5.316s] adding license file 'LICENSE'
[5.317s] adding license file 'AUTHORS'
[5.320s] writing manifest file '../../build/bno055/bno055.egg-info/SOURCES.txt'
[5.320s] running build
[5.321s] running build_py
[5.326s] copying bno055/connectors/i2c.py -> /home/adam/r2_motion/build/bno055/build/lib/bno055/connectors
[5.330s] running install
[5.332s] running install_lib
[5.339s] copying /home/adam/r2_motion/build/bno055/build/lib/bno055/connectors/i2c.py -> /home/adam/r2_motion/install/bno055/lib/python3.10/site-packages/bno055/connectors
[5.344s] byte-compiling /home/adam/r2_motion/install/bno055/lib/python3.10/site-packages/bno055/connectors/i2c.py to i2c.cpython-310.pyc
[5.348s] running install_data
[5.349s] running install_egg_info
[5.358s] removing '/home/adam/r2_motion/install/bno055/lib/python3.10/site-packages/bno055-0.5.0-py3.10.egg-info' (and everything under it)
[5.360s] Copying ../../build/bno055/bno055.egg-info to /home/adam/r2_motion/install/bno055/lib/python3.10/site-packages/bno055-0.5.0-py3.10.egg-info
[5.365s] running install_scripts
[5.460s] Installing bno055 script to /home/adam/r2_motion/install/bno055/lib/bno055
[5.464s] writing list of installed files to '/home/adam/r2_motion/build/bno055/install.log'
[5.585s] Invoked command in '/home/adam/r2_motion/src/bno055' returned '0': PYTHONPATH=/home/adam/r2_motion/build/bno055/prefix_override:/home/adam/r2_motion/install/bno055/lib/python3.10/site-packages:${PYTHONPATH} /usr/bin/python3 -W ignore:setup.py install is deprecated setup.py egg_info --egg-base ../../build/bno055 build --build-base /home/adam/r2_motion/build/bno055/build install --record /home/adam/r2_motion/build/bno055/install.log --single-version-externally-managed install_data
