[3.648s] Invoking command in '/home/adam/r2_motion/src/drivetrain': PYTHONPATH=/home/adam/r2_motion/build/drivetrain/prefix_override:/home/adam/r2_motion/install/drivetrain/lib/python3.10/site-packages:${PYTHONPATH} /usr/bin/python3 -W ignore:setup.py install is deprecated setup.py egg_info --egg-base ../../build/drivetrain build --build-base /home/adam/r2_motion/build/drivetrain/build install --record /home/adam/r2_motion/build/drivetrain/install.log --single-version-externally-managed install_data
[5.158s] running egg_info
[5.161s] writing ../../build/drivetrain/drivetrain.egg-info/PKG-INFO
[5.162s] writing dependency_links to ../../build/drivetrain/drivetrain.egg-info/dependency_links.txt
[5.163s] writing entry points to ../../build/drivetrain/drivetrain.egg-info/entry_points.txt
[5.164s] writing requirements to ../../build/drivetrain/drivetrain.egg-info/requires.txt
[5.165s] writing top-level names to ../../build/drivetrain/drivetrain.egg-info/top_level.txt
[5.174s] reading manifest file '../../build/drivetrain/drivetrain.egg-info/SOURCES.txt'
[5.175s] adding license file 'LICENSE'
[5.178s] writing manifest file '../../build/drivetrain/drivetrain.egg-info/SOURCES.txt'
[5.179s] running build
[5.179s] running build_py
[5.181s] running install
[5.182s] running install_lib
[5.190s] running install_data
[5.191s] running install_egg_info
[5.199s] removing '/home/adam/r2_motion/install/drivetrain/lib/python3.10/site-packages/drivetrain-0.0.0-py3.10.egg-info' (and everything under it)
[5.201s] Copying ../../build/drivetrain/drivetrain.egg-info to /home/adam/r2_motion/install/drivetrain/lib/python3.10/site-packages/drivetrain-0.0.0-py3.10.egg-info
[5.206s] running install_scripts
[5.299s] Installing motor script to /home/adam/r2_motion/install/drivetrain/lib/drivetrain
[5.301s] writing list of installed files to '/home/adam/r2_motion/build/drivetrain/install.log'
[5.423s] Invoked command in '/home/adam/r2_motion/src/drivetrain' returned '0': PYTHONPATH=/home/adam/r2_motion/build/drivetrain/prefix_override:/home/adam/r2_motion/install/drivetrain/lib/python3.10/site-packages:${PYTHONPATH} /usr/bin/python3 -W ignore:setup.py install is deprecated setup.py egg_info --egg-base ../../build/drivetrain build --build-base /home/adam/r2_motion/build/drivetrain/build install --record /home/adam/r2_motion/build/drivetrain/install.log --single-version-externally-managed install_data
