[3.813s] Invoking command in '/home/adam/r2_motion/src/gps': PYTHONPATH=/home/adam/r2_motion/build/gps/prefix_override:/home/adam/r2_motion/install/gps/lib/python3.10/site-packages:${PYTHONPATH} /usr/bin/python3 -W ignore:setup.py install is deprecated setup.py egg_info --egg-base ../../build/gps build --build-base /home/adam/r2_motion/build/gps/build install --record /home/adam/r2_motion/build/gps/install.log --single-version-externally-managed install_data
[5.411s] running egg_info
[5.414s] writing ../../build/gps/gps.egg-info/PKG-INFO
[5.415s] writing dependency_links to ../../build/gps/gps.egg-info/dependency_links.txt
[5.416s] writing entry points to ../../build/gps/gps.egg-info/entry_points.txt
[5.417s] writing requirements to ../../build/gps/gps.egg-info/requires.txt
[5.418s] writing top-level names to ../../build/gps/gps.egg-info/top_level.txt
[5.427s] reading manifest file '../../build/gps/gps.egg-info/SOURCES.txt'
[5.431s] writing manifest file '../../build/gps/gps.egg-info/SOURCES.txt'
[5.431s] running build
[5.432s] running build_py
[5.432s] copying gps/gps.py -> /home/adam/r2_motion/build/gps/build/lib/gps
[5.434s] running install
[5.436s] running install_lib
[5.440s] copying /home/adam/r2_motion/build/gps/build/lib/gps/gps.py -> /home/adam/r2_motion/install/gps/lib/python3.10/site-packages/gps
[5.443s] byte-compiling /home/adam/r2_motion/install/gps/lib/python3.10/site-packages/gps/gps.py to gps.cpython-310.pyc
[5.447s] running install_data
[5.448s] running install_egg_info
[5.456s] removing '/home/adam/r2_motion/install/gps/lib/python3.10/site-packages/gps-0.0.0-py3.10.egg-info' (and everything under it)
[5.458s] Copying ../../build/gps/gps.egg-info to /home/adam/r2_motion/install/gps/lib/python3.10/site-packages/gps-0.0.0-py3.10.egg-info
[5.464s] running install_scripts
[5.560s] Installing gps script to /home/adam/r2_motion/install/gps/lib/gps
[5.562s] writing list of installed files to '/home/adam/r2_motion/build/gps/install.log'
[5.686s] Invoked command in '/home/adam/r2_motion/src/gps' returned '0': PYTHONPATH=/home/adam/r2_motion/build/gps/prefix_override:/home/adam/r2_motion/install/gps/lib/python3.10/site-packages:${PYTHONPATH} /usr/bin/python3 -W ignore:setup.py install is deprecated setup.py egg_info --egg-base ../../build/gps build --build-base /home/adam/r2_motion/build/gps/build install --record /home/adam/r2_motion/build/gps/install.log --single-version-externally-managed install_data
