[3.806s] Invoking command in '/home/adam/r2_motion/src/gps': PYTHONPATH=/home/adam/r2_motion/build/gps/prefix_override:/home/adam/r2_motion/install/gps/lib/python3.10/site-packages:${PYTHONPATH} /usr/bin/python3 -W ignore:setup.py install is deprecated setup.py egg_info --egg-base ../../build/gps build --build-base /home/adam/r2_motion/build/gps/build install --record /home/adam/r2_motion/build/gps/install.log --single-version-externally-managed install_data
[5.386s] running egg_info
[5.389s] creating ../../build/gps/gps.egg-info
[5.390s] writing ../../build/gps/gps.egg-info/PKG-INFO
[5.391s] writing dependency_links to ../../build/gps/gps.egg-info/dependency_links.txt
[5.391s] writing entry points to ../../build/gps/gps.egg-info/entry_points.txt
[5.392s] writing requirements to ../../build/gps/gps.egg-info/requires.txt
[5.393s] writing top-level names to ../../build/gps/gps.egg-info/top_level.txt
[5.394s] writing manifest file '../../build/gps/gps.egg-info/SOURCES.txt'
[5.402s] reading manifest file '../../build/gps/gps.egg-info/SOURCES.txt'
[5.405s] writing manifest file '../../build/gps/gps.egg-info/SOURCES.txt'
[5.405s] running build
[5.406s] running build_py
[5.406s] creating /home/adam/r2_motion/build/gps/build
[5.407s] creating /home/adam/r2_motion/build/gps/build/lib
[5.407s] creating /home/adam/r2_motion/build/gps/build/lib/gps
[5.408s] copying gps/gps.py -> /home/adam/r2_motion/build/gps/build/lib/gps
[5.408s] copying gps/__init__.py -> /home/adam/r2_motion/build/gps/build/lib/gps
[5.409s] running install
[5.410s] running install_lib
[5.415s] creating /home/adam/r2_motion/install/gps/lib/python3.10/site-packages/gps
[5.415s] copying /home/adam/r2_motion/build/gps/build/lib/gps/gps.py -> /home/adam/r2_motion/install/gps/lib/python3.10/site-packages/gps
[5.416s] copying /home/adam/r2_motion/build/gps/build/lib/gps/__init__.py -> /home/adam/r2_motion/install/gps/lib/python3.10/site-packages/gps
[5.419s] byte-compiling /home/adam/r2_motion/install/gps/lib/python3.10/site-packages/gps/gps.py to gps.cpython-310.pyc
[5.423s] byte-compiling /home/adam/r2_motion/install/gps/lib/python3.10/site-packages/gps/__init__.py to __init__.cpython-310.pyc
[5.424s] running install_data
[5.425s] creating /home/adam/r2_motion/install/gps/share/ament_index
[5.425s] creating /home/adam/r2_motion/install/gps/share/ament_index/resource_index
[5.426s] creating /home/adam/r2_motion/install/gps/share/ament_index/resource_index/packages
[5.426s] copying resource/gps -> /home/adam/r2_motion/install/gps/share/ament_index/resource_index/packages
[5.427s] copying package.xml -> /home/adam/r2_motion/install/gps/share/gps
[5.427s] running install_egg_info
[5.436s] Copying ../../build/gps/gps.egg-info to /home/adam/r2_motion/install/gps/lib/python3.10/site-packages/gps-0.0.0-py3.10.egg-info
[5.441s] running install_scripts
[5.538s] Installing gps script to /home/adam/r2_motion/install/gps/lib/gps
[5.539s] writing list of installed files to '/home/adam/r2_motion/build/gps/install.log'
[5.662s] Invoked command in '/home/adam/r2_motion/src/gps' returned '0': PYTHONPATH=/home/adam/r2_motion/build/gps/prefix_override:/home/adam/r2_motion/install/gps/lib/python3.10/site-packages:${PYTHONPATH} /usr/bin/python3 -W ignore:setup.py install is deprecated setup.py egg_info --egg-base ../../build/gps build --build-base /home/adam/r2_motion/build/gps/build install --record /home/adam/r2_motion/build/gps/install.log --single-version-externally-managed install_data
